  Using 'git status' to determine working set for adaptive non-unity build (D:\My Games\RPG-Combat).
  Creating makefile for RPGCombatEditor (no existing makefile)
  Parsing headers for RPGCombatEditor
    Running UnrealHeaderTool "D:\My Games\RPG-Combat\RPGCombat\RPGCombat.uproject" "D:\My Games\RPG-Combat\RPGCombat\Intermediate\Build\Win64\RPGCombatEditor\Development\RPGCombatEditor.uhtmanifest" -LogCmds="loginit warning, logexit warning, logdatabase error" -Unattended -WarningsAsErrors -abslog="C:\Users\anshp\AppData\Local\UnrealBuildTool\Log_UHT.txt" -installed
  LogInit: Display: Loading text-based GConfig....
  Reflection code generated for RPGCombatEditor in 6.1066948 seconds
  Building RPGCombatEditor...
  Using Visual Studio 2022 14.34.31935 toolchain (C:\Program Files\Microsoft Visual Studio\2022\Community\VC\Tools\MSVC\14.34.31933) and Windows 10.0.19041.0 SDK (C:\Program Files (x86)\Windows Kits\10).
  Building 8 actions with 8 processes...
    [1/8] RPGCombat.init.gen.cpp
    [2/8] SpawnVolume.cpp
    [3/8] Critter.cpp
    [4/8] Critter.gen.cpp
    [5/8] SpawnVolume.gen.cpp
    [6/8] UE4Editor-RPGCombat-0036.lib
       Creating library D:\My Games\RPG-Combat\RPGCombat\Intermediate\Build\Win64\UE4Editor\Development\RPGCombat\UE4Editor-RPGCombat-0036.lib and object D:\My Games\RPG-Combat\RPGCombat\Intermediate\Build\Win64\UE4Editor\Development\RPGCombat\UE4Editor-RPGCombat-0036.exp
    [7/8] UE4Editor-RPGCombat-0036.dll
       Creating library D:\My Games\RPG-Combat\RPGCombat\Intermediate\Build\Win64\UE4Editor\Development\RPGCombat\UE4Editor-RPGCombat-0036.suppressed.lib and object D:\My Games\RPG-Combat\RPGCombat\Intermediate\Build\Win64\UE4Editor\Development\RPGCombat\UE4Editor-RPGCombat-0036.suppressed.exp
    [8/8] RPGCombatEditor.target
  Total time in Parallel executor: 159.37 seconds
  Total execution time: 170.33 seconds
