Log file open, 12/03/22 15:50:14
LogWindows: Failed to load 'aqProf.dll' (GetLastError=126)
LogWindows: File 'aqProf.dll' does not exist
LogWindows: Failed to load 'VtuneApi.dll' (GetLastError=126)
LogWindows: File 'VtuneApi.dll' does not exist
LogWindows: Failed to load 'VtuneApi32e.dll' (GetLastError=126)
LogWindows: File 'VtuneApi32e.dll' does not exist
LogConsoleResponse: Display: Failed to find resolution value strings in scalability ini. Falling back to default.
LogConsoleResponse: Display: Failed to find resolution value strings in scalability ini. Falling back to default.
LogInit: Display: Running engine for game: RPGCombat
LogPlatformFile: Not using cached read wrapper
LogTaskGraph: Started task graph with 5 named threads and 23 total threads with 3 sets of task threads.
LogStats: Stats thread started at 0.662830
LogICUInternationalization: ICU TimeZone Detection - Raw Offset: +5:30, Platform Override: ''
LogInit: Display: Loading text-based GConfig....
LogPluginManager: Mounting plugin MeshPainting
LogPluginManager: Mounting plugin XGEController
LogPluginManager: Mounting plugin Paper2D
LogPluginManager: Mounting plugin AISupport
LogPluginManager: Mounting plugin EnvironmentQueryEditor
LogPluginManager: Mounting plugin LightPropagationVolume
LogPluginManager: Mounting plugin LiveLink
LogPluginManager: Mounting plugin OodleData
LogPluginManager: Mounting plugin CameraShakePreviewer
LogPluginManager: Mounting plugin OodleNetwork
LogPluginManager: Mounting plugin GameplayCameras
LogPluginManager: Mounting plugin AssetManagerEditor
LogPluginManager: Mounting plugin CryptoKeys
LogPluginManager: Mounting plugin DataValidation
LogPluginManager: Mounting plugin CurveEditorTools
LogPluginManager: Mounting plugin FacialAnimation
LogPluginManager: Mounting plugin GameplayTagsEditor
LogPluginManager: Mounting plugin GeometryMode
LogPluginManager: Mounting plugin MaterialAnalyzer
LogPluginManager: Mounting plugin MacGraphicsSwitching
LogPluginManager: Mounting plugin MobileLauncherProfileWizard
LogPluginManager: Mounting plugin PluginBrowser
LogPluginManager: Mounting plugin SpeedTreeImporter
LogPluginManager: Mounting plugin DatasmithContent
LogPluginManager: Mounting plugin VariantManagerContent
LogPluginManager: Mounting plugin AnimationSharing
LogPluginManager: Mounting plugin CLionSourceCodeAccess
LogPluginManager: Mounting plugin CodeLiteSourceCodeAccess
LogPluginManager: Mounting plugin GitSourceControl
LogPluginManager: Mounting plugin KDevelopSourceCodeAccess
LogPluginManager: Mounting plugin NullSourceCodeAccess
LogPluginManager: Mounting plugin PerforceSourceControl
LogPluginManager: Mounting plugin PluginUtils
LogPluginManager: Mounting plugin PixWinPlugin
LogPluginManager: Mounting plugin PlasticSourceControl
LogPluginManager: Mounting plugin PropertyAccessNode
LogPluginManager: Mounting plugin RiderSourceCodeAccess
LogPluginManager: Mounting plugin SubversionSourceControl
LogPluginManager: Mounting plugin TextureFormatOodle
LogPluginManager: Mounting plugin VisualStudioCodeSourceCodeAccess
LogPluginManager: Mounting plugin RiderLink
LogPluginManager: Mounting plugin VisualStudioSourceCodeAccess
LogPluginManager: Mounting plugin XCodeSourceCodeAccess
LogPluginManager: Mounting plugin Niagara
LogPluginManager: Mounting plugin AlembicImporter
LogPluginManager: Mounting plugin AutomationUtils
LogPluginManager: Mounting plugin ChaosCloth
LogPluginManager: Mounting plugin ChaosEditor
LogPluginManager: Mounting plugin UObjectPlugin
LogPluginManager: Mounting plugin ChaosClothEditor
LogPluginManager: Mounting plugin ChaosNiagara
LogPluginManager: Mounting plugin ChaosSolverPlugin
LogPluginManager: Mounting plugin LuminPlatformFeatures
LogPluginManager: Mounting plugin MagicLeap
LogPluginManager: Mounting plugin MagicLeapLightEstimation
LogPluginManager: Mounting plugin MagicLeapMedia
LogPluginManager: Mounting plugin MagicLeapPassableWorld
LogPluginManager: Mounting plugin MLSDK
LogPluginManager: Mounting plugin GeometryCache
LogPluginManager: Mounting plugin GeometryProcessing
LogPluginManager: Mounting plugin GeometryCollectionPlugin
LogPluginManager: Mounting plugin MotoSynth
LogPluginManager: Mounting plugin OpenImageDenoise
LogPluginManager: Mounting plugin BackChannel
LogPluginManager: Mounting plugin PlatformCrypto
LogPluginManager: Mounting plugin PlanarCut
LogPluginManager: Mounting plugin ProxyLODPlugin
LogPluginManager: Mounting plugin PythonScriptPlugin
LogPluginManager: Mounting plugin AndroidMedia
LogPluginManager: Mounting plugin AvfMedia
LogPluginManager: Mounting plugin ImgMedia
LogPluginManager: Mounting plugin MediaCompositing
LogPluginManager: Mounting plugin MediaPlayerEditor
LogPluginManager: Mounting plugin WebMMedia
LogPluginManager: Mounting plugin WmfMedia
LogPluginManager: Mounting plugin SkeletalReduction
LogPluginManager: Mounting plugin TcpMessaging
LogPluginManager: Mounting plugin UdpMessaging
LogPluginManager: Mounting plugin ActorSequence
LogPluginManager: Mounting plugin MatineeToLevelSequence
LogPluginManager: Mounting plugin LevelSequenceEditor
LogPluginManager: Mounting plugin TemplateSequence
LogPluginManager: Mounting plugin OnlineSubsystem
LogPluginManager: Mounting plugin OnlineSubsystemNull
LogPluginManager: Mounting plugin OnlineSubsystemUtils
LogPluginManager: Mounting plugin LauncherChunkInstaller
LogPluginManager: Mounting plugin ActorLayerUtilities
LogPluginManager: Mounting plugin ScreenshotTools
LogPluginManager: Mounting plugin AndroidDeviceProfileSelector
LogPluginManager: Mounting plugin AndroidMoviePlayer
LogPluginManager: Mounting plugin AndroidPermission
LogPluginManager: Mounting plugin AppleImageUtils
LogPluginManager: Mounting plugin AppleMoviePlayer
LogPluginManager: Mounting plugin ArchVisCharacter
LogPluginManager: Mounting plugin AudioCapture
LogPluginManager: Mounting plugin AssetTags
LogPluginManager: Mounting plugin AudioSynesthesia
LogPluginManager: Mounting plugin CableComponent
LogPluginManager: Mounting plugin ChunkDownloader
LogPluginManager: Mounting plugin EditableMesh
LogPluginManager: Mounting plugin ExampleDeviceProfileSelector
LogPluginManager: Mounting plugin GoogleCloudMessaging
LogPluginManager: Mounting plugin GooglePAD
LogPluginManager: Mounting plugin IOSDeviceProfileSelector
LogPluginManager: Mounting plugin LinuxDeviceProfileSelector
LogPluginManager: Mounting plugin CustomMeshComponent
LogPluginManager: Mounting plugin LocationServicesBPLibrary
LogPluginManager: Mounting plugin MobilePatchingUtils
LogPluginManager: Mounting plugin OpenXR
LogPluginManager: Mounting plugin OpenXREyeTracker
LogPluginManager: Mounting plugin OpenXRHandTracking
LogPluginManager: Mounting plugin PhysXVehicles
LogPluginManager: Mounting plugin PostSplashScreen
LogPluginManager: Mounting plugin ProceduralMeshComponent
LogPluginManager: Mounting plugin PropertyAccessEditor
LogPluginManager: Mounting plugin RuntimePhysXCooking
LogPluginManager: Mounting plugin SignificanceManager
LogPluginManager: Mounting plugin SoundFields
LogPluginManager: Mounting plugin Synthesis
LogPluginManager: Mounting plugin WebMMoviePlayer
LogPluginManager: Mounting plugin WindowsMoviePlayer
LogPluginManager: Mounting plugin Takes
LogPluginManager: Mounting plugin CharacterAI
LogPluginManager: Mounting plugin ContentBrowserAssetDataSource
LogPluginManager: Mounting plugin ContentBrowserClassDataSource
LogPluginManager: Mounting plugin ContentBrowserFileDataSource
LogPluginManager: Mounting plugin OnlineSubsystemGooglePlay
LogPluginManager: Mounting plugin OnlineSubsystemIOS
LogPluginManager: Mounting plugin OculusVR
LogPluginManager: Mounting plugin SteamVR
PixWinPlugin: PIX capture plugin failed to initialize! Check that the process is launched from PIX.
LogLuminAPIImpl: Warning: MLSDK not found.  This likely means the MLSDK environment variable is not set.
LogInit: Using libcurl 7.55.1-DEV
LogInit:  - built for x86_64-pc-win32
LogInit:  - supports SSL with OpenSSL/1.1.1
LogInit:  - supports HTTP deflate (compression) using libz 1.2.8
LogInit:  - other features:
LogInit:      CURL_VERSION_SSL
LogInit:      CURL_VERSION_LIBZ
LogInit:      CURL_VERSION_IPV6
LogInit:      CURL_VERSION_ASYNCHDNS
LogInit:      CURL_VERSION_LARGEFILE
LogInit:      CURL_VERSION_IDN
LogInit:  CurlRequestOptions (configurable via config and command line):
LogInit:  - bVerifyPeer = true  - Libcurl will verify peer certificate
LogInit:  - bUseHttpProxy = false  - Libcurl will NOT use HTTP proxy
LogInit:  - bDontReuseConnections = false  - Libcurl will reuse connections
LogInit:  - MaxHostConnections = 16  - Libcurl will limit the number of connections to a host
LogInit:  - LocalHostAddr = Default
LogInit:  - BufferSize = 65536
LogOnline: OSS: Creating online subsystem instance for: NULL
LogInit: WinSock: version 1.1 (2.2), MaxSocks=32767, MaxUdp=65467
LogOnline: OSS: TryLoadSubsystemAndSetDefault: Loaded subsystem for module [NULL]
LogOculusPluginWrapper: OculusPlugin initialized successfully
LogHMD: Failed initializing OVRPlugin 1.59.0
LogInit: Build: ++UE4+Release-4.27-CL-18319896
LogInit: Engine Version: 4.27.2-18319896+++UE4+Release-4.27
LogInit: Compatible Engine Version: 4.27.0-17155196+++UE4+Release-4.27
LogInit: Net CL: 17155196
LogInit: OS: Windows 10 (Release 2009) (), CPU: Intel(R) Core(TM) i5-10210U CPU @ 1.60GHz, GPU: Intel(R) UHD Graphics
LogInit: Compiled (64-bit): Nov 30 2021 07:12:08
LogInit: Compiled with Visual C++: 19.24.28315.00
LogInit: Build Configuration: Development
LogInit: Branch Name: ++UE4+Release-4.27
LogInit: Command Line: 
LogInit: Base Directory: C:/Program Files/Unreal Engine/UE_4.27/Engine/Binaries/Win64/
LogInit: Allocator: TBB
LogInit: Installed Engine Build: 1
LogDevObjectVersion: Number of dev versions registered: 29
LogDevObjectVersion:   Dev-Blueprints (B0D832E4-1F89-4F0D-ACCF-7EB736FD4AA2): 10
LogDevObjectVersion:   Dev-Build (E1C64328-A22C-4D53-A36C-8E866417BD8C): 0
LogDevObjectVersion:   Dev-Core (375EC13C-06E4-48FB-B500-84F0262A717E): 4
LogDevObjectVersion:   Dev-Editor (E4B068ED-F494-42E9-A231-DA0B2E46BB41): 40
LogDevObjectVersion:   Dev-Framework (CFFC743F-43B0-4480-9391-14DF171D2073): 37
LogDevObjectVersion:   Dev-Mobile (B02B49B5-BB20-44E9-A304-32B752E40360): 3
LogDevObjectVersion:   Dev-Networking (A4E4105C-59A1-49B5-A7C5-40C4547EDFEE): 0
LogDevObjectVersion:   Dev-Online (39C831C9-5AE6-47DC-9A44-9C173E1C8E7C): 0
LogDevObjectVersion:   Dev-Physics (78F01B33-EBEA-4F98-B9B4-84EACCB95AA2): 14
LogDevObjectVersion:   Dev-Platform (6631380F-2D4D-43E0-8009-CF276956A95A): 0
LogDevObjectVersion:   Dev-Rendering (12F88B9F-8875-4AFC-A67C-D90C383ABD29): 45
LogDevObjectVersion:   Dev-Sequencer (7B5AE74C-D270-4C10-A958-57980B212A5A): 13
LogDevObjectVersion:   Dev-VR (D7296918-1DD6-4BDD-9DE2-64A83CC13884): 3
LogDevObjectVersion:   Dev-LoadTimes (C2A15278-BFE7-4AFE-6C17-90FF531DF755): 1
LogDevObjectVersion:   Private-Geometry (6EACA3D4-40EC-4CC1-B786-8BED09428FC5): 3
LogDevObjectVersion:   Dev-AnimPhys (29E575DD-E0A3-4627-9D10-D276232CDCEA): 17
LogDevObjectVersion:   Dev-Anim (AF43A65D-7FD3-4947-9873-3E8ED9C1BB05): 15
LogDevObjectVersion:   Dev-ReflectionCapture (6B266CEC-1EC7-4B8F-A30B-E4D90942FC07): 1
LogDevObjectVersion:   Dev-Automation (0DF73D61-A23F-47EA-B727-89E90C41499A): 1
LogDevObjectVersion:   FortniteMain (601D1886-AC64-4F84-AA16-D3DE0DEAC7D6): 47
LogDevObjectVersion:   FortniteRelease (E7086368-6B23-4C58-8439-1B7016265E91): 1
LogDevObjectVersion:   Dev-Enterprise (9DFFBCD6-494F-0158-E221-12823C92A888): 10
LogDevObjectVersion:   Dev-Niagara (F2AED0AC-9AFE-416F-8664-AA7FFA26D6FC): 1
LogDevObjectVersion:   Dev-Destruction (174F1F0B-B4C6-45A5-B13F-2EE8D0FB917D): 10
LogDevObjectVersion:   Dev-Physics-Ext (35F94A83-E258-406C-A318-09F59610247C): 41
LogDevObjectVersion:   Dev-PhysicsMaterial-Chaos (B68FC16E-8B1B-42E2-B453-215C058844FE): 1
LogDevObjectVersion:   Dev-CineCamera (B2E18506-4273-CFC2-A54E-F4BB758BBA07): 1
LogDevObjectVersion:   Dev-VirtualProduction (64F58936-FD1B-42BA-BA96-7289D5D0FA4E): 1
LogDevObjectVersion:   Dev-MediaFramework (6F0ED827-A609-4895-9C91-998D90180EA4): 2
LogInit: Presizing for max 25165824 objects, including 0 objects not considered by GC, pre-allocating 0 bytes for permanent pool.
LogConfig: Applying CVar settings from Section [/Script/Engine.StreamingSettings] File [D:/My Games/RPG-Combat/RPGCombat/Saved/Config/Windows/Engine.ini]
LogConfig: Setting CVar [[s.MinBulkDataSizeForAsyncLoading:131072]]
LogConfig: Setting CVar [[s.AsyncLoadingThreadEnabled:0]]
LogConfig: Setting CVar [[s.EventDrivenLoaderEnabled:1]]
LogConfig: Setting CVar [[s.WarnIfTimeLimitExceeded:0]]
LogConfig: Setting CVar [[s.TimeLimitExceededMultiplier:1.5]]
LogConfig: Setting CVar [[s.TimeLimitExceededMinTime:0.005]]
LogConfig: Setting CVar [[s.UseBackgroundLevelStreaming:1]]
LogConfig: Setting CVar [[s.PriorityAsyncLoadingExtraTime:15.0]]
LogConfig: Setting CVar [[s.LevelStreamingActorsUpdateTimeLimit:5.0]]
LogConfig: Setting CVar [[s.PriorityLevelStreamingActorsUpdateExtraTime:5.0]]
LogConfig: Setting CVar [[s.LevelStreamingComponentsRegistrationGranularity:10]]
LogConfig: Setting CVar [[s.UnregisterComponentsTimeLimit:1.0]]
LogConfig: Setting CVar [[s.LevelStreamingComponentsUnregistrationGranularity:5]]
LogConfig: Setting CVar [[s.FlushStreamingOnExit:1]]
LogInit: Object subsystem initialized
LogConfig: Setting CVar [[con.DebugEarlyDefault:1]]
LogConfig: Setting CVar [[r.setres:1280x720]]
[2022.12.03-10.20.15:438][  0]LogConfig: Setting CVar [[r.VSync:0]]
[2022.12.03-10.20.15:438][  0]LogConfig: Setting CVar [[r.RHICmdBypass:0]]
[2022.12.03-10.20.15:438][  0]LogConfig: Applying CVar settings from Section [/Script/Engine.RendererSettings] File [D:/My Games/RPG-Combat/RPGCombat/Saved/Config/Windows/Engine.ini]
[2022.12.03-10.20.15:438][  0]LogConfig: Setting CVar [[r.GPUCrashDebugging:0]]
[2022.12.03-10.20.15:438][  0]LogConfig: Applying CVar settings from Section [/Script/Engine.RendererOverrideSettings] File [D:/My Games/RPG-Combat/RPGCombat/Saved/Config/Windows/Engine.ini]
[2022.12.03-10.20.15:438][  0]LogConfig: Applying CVar settings from Section [/Script/Engine.StreamingSettings] File [D:/My Games/RPG-Combat/RPGCombat/Saved/Config/Windows/Engine.ini]
[2022.12.03-10.20.15:438][  0]LogConfig: Setting CVar [[s.MinBulkDataSizeForAsyncLoading:131072]]
[2022.12.03-10.20.15:438][  0]LogConfig: Setting CVar [[s.AsyncLoadingThreadEnabled:0]]
[2022.12.03-10.20.15:438][  0]LogConfig: Setting CVar [[s.EventDrivenLoaderEnabled:1]]
[2022.12.03-10.20.15:438][  0]LogConfig: Setting CVar [[s.WarnIfTimeLimitExceeded:0]]
[2022.12.03-10.20.15:438][  0]LogConfig: Setting CVar [[s.TimeLimitExceededMultiplier:1.5]]
[2022.12.03-10.20.15:438][  0]LogConfig: Setting CVar [[s.TimeLimitExceededMinTime:0.005]]
[2022.12.03-10.20.15:438][  0]LogConfig: Setting CVar [[s.UseBackgroundLevelStreaming:1]]
[2022.12.03-10.20.15:438][  0]LogConfig: Setting CVar [[s.PriorityAsyncLoadingExtraTime:15.0]]
[2022.12.03-10.20.15:438][  0]LogConfig: Setting CVar [[s.LevelStreamingActorsUpdateTimeLimit:5.0]]
[2022.12.03-10.20.15:438][  0]LogConfig: Setting CVar [[s.PriorityLevelStreamingActorsUpdateExtraTime:5.0]]
[2022.12.03-10.20.15:438][  0]LogConfig: Setting CVar [[s.LevelStreamingComponentsRegistrationGranularity:10]]
[2022.12.03-10.20.15:438][  0]LogConfig: Setting CVar [[s.UnregisterComponentsTimeLimit:1.0]]
[2022.12.03-10.20.15:438][  0]LogConfig: Setting CVar [[s.LevelStreamingComponentsUnregistrationGranularity:5]]
[2022.12.03-10.20.15:438][  0]LogConfig: Setting CVar [[s.FlushStreamingOnExit:1]]
[2022.12.03-10.20.15:438][  0]LogConfig: Applying CVar settings from Section [/Script/Engine.GarbageCollectionSettings] File [D:/My Games/RPG-Combat/RPGCombat/Saved/Config/Windows/Engine.ini]
[2022.12.03-10.20.15:438][  0]LogConfig: Setting CVar [[gc.MaxObjectsNotConsideredByGC:1]]
[2022.12.03-10.20.15:438][  0]LogConfig: Setting CVar [[gc.SizeOfPermanentObjectPool:0]]
[2022.12.03-10.20.15:438][  0]LogConfig: Setting CVar [[gc.FlushStreamingOnGC:0]]
[2022.12.03-10.20.15:438][  0]LogConfig: Setting CVar [[gc.NumRetriesBeforeForcingGC:10]]
[2022.12.03-10.20.15:438][  0]LogConfig: Setting CVar [[gc.AllowParallelGC:1]]
[2022.12.03-10.20.15:438][  0]LogConfig: Setting CVar [[gc.TimeBetweenPurgingPendingKillObjects:61.1]]
[2022.12.03-10.20.15:438][  0]LogConfig: Setting CVar [[gc.MaxObjectsInEditor:25165824]]
[2022.12.03-10.20.15:438][  0]LogConfig: Setting CVar [[gc.IncrementalBeginDestroyEnabled:1]]
[2022.12.03-10.20.15:438][  0]LogConfig: Setting CVar [[gc.CreateGCClusters:1]]
[2022.12.03-10.20.15:438][  0]LogConfig: Setting CVar [[gc.MinGCClusterSize:5]]
[2022.12.03-10.20.15:438][  0]LogConfig: Setting CVar [[gc.ActorClusteringEnabled:0]]
[2022.12.03-10.20.15:438][  0]LogConfig: Setting CVar [[gc.BlueprintClusteringEnabled:0]]
[2022.12.03-10.20.15:438][  0]LogConfig: Setting CVar [[gc.UseDisregardForGCOnDedicatedServers:0]]
[2022.12.03-10.20.15:438][  0]LogConfig: Setting CVar [[gc.MultithreadedDestructionEnabled:1]]
[2022.12.03-10.20.15:438][  0]LogConfig: Applying CVar settings from Section [/Script/Engine.NetworkSettings] File [D:/My Games/RPG-Combat/RPGCombat/Saved/Config/Windows/Engine.ini]
[2022.12.03-10.20.15:438][  0]LogConfig: Applying CVar settings from Section [/Script/UnrealEd.CookerSettings] File [D:/My Games/RPG-Combat/RPGCombat/Saved/Config/Windows/Engine.ini]
[2022.12.03-10.20.15:450][  0]LogConfig: Applying CVar settings from Section [ViewDistanceQuality@3] File [D:/My Games/RPG-Combat/RPGCombat/Saved/Config/Windows/Scalability.ini]
[2022.12.03-10.20.15:450][  0]LogConfig: Setting CVar [[r.SkeletalMeshLODBias:0]]
[2022.12.03-10.20.15:450][  0]LogConfig: Setting CVar [[r.ViewDistanceScale:1.0]]
[2022.12.03-10.20.15:450][  0]LogConfig: Applying CVar settings from Section [AntiAliasingQuality@3] File [D:/My Games/RPG-Combat/RPGCombat/Saved/Config/Windows/Scalability.ini]
[2022.12.03-10.20.15:450][  0]LogConfig: Setting CVar [[r.PostProcessAAQuality:4]]
[2022.12.03-10.20.15:450][  0]LogConfig: Applying CVar settings from Section [ShadowQuality@3] File [D:/My Games/RPG-Combat/RPGCombat/Saved/Config/Windows/Scalability.ini]
[2022.12.03-10.20.15:450][  0]LogConfig: Setting CVar [[r.LightFunctionQuality:1]]
[2022.12.03-10.20.15:450][  0]LogConfig: Setting CVar [[r.ShadowQuality:5]]
[2022.12.03-10.20.15:450][  0]LogConfig: Setting CVar [[r.Shadow.CSM.MaxCascades:10]]
[2022.12.03-10.20.15:450][  0]LogConfig: Setting CVar [[r.Shadow.MaxResolution:2048]]
[2022.12.03-10.20.15:450][  0]LogConfig: Setting CVar [[r.Shadow.MaxCSMResolution:2048]]
[2022.12.03-10.20.15:450][  0]LogConfig: Setting CVar [[r.Shadow.RadiusThreshold:0.01]]
[2022.12.03-10.20.15:450][  0]LogConfig: Setting CVar [[r.Shadow.DistanceScale:1.0]]
[2022.12.03-10.20.15:450][  0]LogConfig: Setting CVar [[r.Shadow.CSM.TransitionScale:1.0]]
[2022.12.03-10.20.15:450][  0]LogConfig: Setting CVar [[r.Shadow.PreShadowResolutionFactor:1.0]]
[2022.12.03-10.20.15:450][  0]LogConfig: Setting CVar [[r.DistanceFieldShadowing:1]]
[2022.12.03-10.20.15:450][  0]LogConfig: Setting CVar [[r.DistanceFieldAO:1]]
[2022.12.03-10.20.15:450][  0]LogConfig: Setting CVar [[r.AOQuality:2]]
[2022.12.03-10.20.15:450][  0]LogConfig: Setting CVar [[r.VolumetricFog:1]]
[2022.12.03-10.20.15:450][  0]LogConfig: Setting CVar [[r.VolumetricFog.GridPixelSize:8]]
[2022.12.03-10.20.15:450][  0]LogConfig: Setting CVar [[r.VolumetricFog.GridSizeZ:128]]
[2022.12.03-10.20.15:450][  0]LogConfig: Setting CVar [[r.VolumetricFog.HistoryMissSupersampleCount:4]]
[2022.12.03-10.20.15:450][  0]LogConfig: Setting CVar [[r.LightMaxDrawDistanceScale:1]]
[2022.12.03-10.20.15:450][  0]LogConfig: Setting CVar [[r.CapsuleShadows:1]]
[2022.12.03-10.20.15:450][  0]LogConfig: Applying CVar settings from Section [PostProcessQuality@3] File [D:/My Games/RPG-Combat/RPGCombat/Saved/Config/Windows/Scalability.ini]
[2022.12.03-10.20.15:450][  0]LogConfig: Setting CVar [[r.MotionBlurQuality:4]]
[2022.12.03-10.20.15:450][  0]LogConfig: Setting CVar [[r.AmbientOcclusionMipLevelFactor:0.4]]
[2022.12.03-10.20.15:450][  0]LogConfig: Setting CVar [[r.AmbientOcclusionMaxQuality:100]]
[2022.12.03-10.20.15:450][  0]LogConfig: Setting CVar [[r.AmbientOcclusionLevels:-1]]
[2022.12.03-10.20.15:450][  0]LogConfig: Setting CVar [[r.AmbientOcclusionRadiusScale:1.0]]
[2022.12.03-10.20.15:450][  0]LogConfig: Setting CVar [[r.DepthOfFieldQuality:2]]
[2022.12.03-10.20.15:450][  0]LogConfig: Setting CVar [[r.RenderTargetPoolMin:400]]
[2022.12.03-10.20.15:450][  0]LogConfig: Setting CVar [[r.LensFlareQuality:2]]
[2022.12.03-10.20.15:450][  0]LogConfig: Setting CVar [[r.SceneColorFringeQuality:1]]
[2022.12.03-10.20.15:450][  0]LogConfig: Setting CVar [[r.EyeAdaptationQuality:2]]
[2022.12.03-10.20.15:450][  0]LogConfig: Setting CVar [[r.BloomQuality:5]]
[2022.12.03-10.20.15:450][  0]LogConfig: Setting CVar [[r.FastBlurThreshold:100]]
[2022.12.03-10.20.15:450][  0]LogConfig: Setting CVar [[r.Upscale.Quality:3]]
[2022.12.03-10.20.15:451][  0]LogConfig: Setting CVar [[r.Tonemapper.GrainQuantization:1]]
[2022.12.03-10.20.15:451][  0]LogConfig: Setting CVar [[r.LightShaftQuality:1]]
[2022.12.03-10.20.15:451][  0]LogConfig: Setting CVar [[r.Filter.SizeScale:1]]
[2022.12.03-10.20.15:451][  0]LogConfig: Setting CVar [[r.Tonemapper.Quality:5]]
[2022.12.03-10.20.15:451][  0]LogConfig: Setting CVar [[r.DOF.Gather.AccumulatorQuality:1        ; higher gathering accumulator quality]]
[2022.12.03-10.20.15:451][  0]LogConfig: Setting CVar [[r.DOF.Gather.PostfilterMethod:1          ; Median3x3 postfilering method]]
[2022.12.03-10.20.15:451][  0]LogConfig: Setting CVar [[r.DOF.Gather.EnableBokehSettings:0       ; no bokeh simulation when gathering]]
[2022.12.03-10.20.15:451][  0]LogConfig: Setting CVar [[r.DOF.Gather.RingCount:4                 ; medium number of samples when gathering]]
[2022.12.03-10.20.15:451][  0]LogConfig: Setting CVar [[r.DOF.Scatter.ForegroundCompositing:1    ; additive foreground scattering]]
[2022.12.03-10.20.15:451][  0]LogConfig: Setting CVar [[r.DOF.Scatter.BackgroundCompositing:2    ; additive background scattering]]
[2022.12.03-10.20.15:451][  0]LogConfig: Setting CVar [[r.DOF.Scatter.EnableBokehSettings:1      ; bokeh simulation when scattering]]
[2022.12.03-10.20.15:451][  0]LogConfig: Setting CVar [[r.DOF.Scatter.MaxSpriteRatio:0.1         ; only a maximum of 10% of scattered bokeh]]
[2022.12.03-10.20.15:451][  0]LogConfig: Setting CVar [[r.DOF.Recombine.Quality:1                ; cheap slight out of focus]]
[2022.12.03-10.20.15:451][  0]LogConfig: Setting CVar [[r.DOF.Recombine.EnableBokehSettings:0    ; no bokeh simulation on slight out of focus]]
[2022.12.03-10.20.15:451][  0]LogConfig: Setting CVar [[r.DOF.TemporalAAQuality:1                ; more stable temporal accumulation]]
[2022.12.03-10.20.15:451][  0]LogConfig: Setting CVar [[r.DOF.Kernel.MaxForegroundRadius:0.025]]
[2022.12.03-10.20.15:451][  0]LogConfig: Setting CVar [[r.DOF.Kernel.MaxBackgroundRadius:0.025]]
[2022.12.03-10.20.15:451][  0]LogConfig: Applying CVar settings from Section [TextureQuality@3] File [D:/My Games/RPG-Combat/RPGCombat/Saved/Config/Windows/Scalability.ini]
[2022.12.03-10.20.15:451][  0]LogConfig: Setting CVar [[r.Streaming.MipBias:0]]
[2022.12.03-10.20.15:451][  0]LogConfig: Setting CVar [[r.Streaming.AmortizeCPUToGPUCopy:0]]
[2022.12.03-10.20.15:451][  0]LogConfig: Setting CVar [[r.Streaming.MaxNumTexturesToStreamPerFrame:0]]
[2022.12.03-10.20.15:451][  0]LogConfig: Setting CVar [[r.Streaming.Boost:1]]
[2022.12.03-10.20.15:451][  0]LogConfig: Setting CVar [[r.MaxAnisotropy:8]]
[2022.12.03-10.20.15:451][  0]LogConfig: Setting CVar [[r.VT.MaxAnisotropy:8]]
[2022.12.03-10.20.15:451][  0]LogConfig: Setting CVar [[r.Streaming.LimitPoolSizeToVRAM:0]]
[2022.12.03-10.20.15:451][  0]LogConfig: Setting CVar [[r.Streaming.PoolSize:1000]]
[2022.12.03-10.20.15:451][  0]LogConfig: Setting CVar [[r.Streaming.MaxEffectiveScreenSize:0]]
[2022.12.03-10.20.15:452][  0]LogConfig: Applying CVar settings from Section [EffectsQuality@3] File [D:/My Games/RPG-Combat/RPGCombat/Saved/Config/Windows/Scalability.ini]
[2022.12.03-10.20.15:452][  0]LogConfig: Setting CVar [[r.TranslucencyLightingVolumeDim:64]]
[2022.12.03-10.20.15:452][  0]LogConfig: Setting CVar [[r.RefractionQuality:2]]
[2022.12.03-10.20.15:452][  0]LogConfig: Setting CVar [[r.SSR.Quality:3]]
[2022.12.03-10.20.15:452][  0]LogConfig: Setting CVar [[r.SSR.HalfResSceneColor:0]]
[2022.12.03-10.20.15:452][  0]LogConfig: Setting CVar [[r.SceneColorFormat:4]]
[2022.12.03-10.20.15:452][  0]LogConfig: Setting CVar [[r.DetailMode:2]]
[2022.12.03-10.20.15:452][  0]LogConfig: Setting CVar [[r.TranslucencyVolumeBlur:1]]
[2022.12.03-10.20.15:452][  0]LogConfig: Setting CVar [[r.MaterialQualityLevel:1 ; High quality]]
[2022.12.03-10.20.15:452][  0]LogConfig: Setting CVar [[r.AnisotropicMaterials:1]]
[2022.12.03-10.20.15:452][  0]LogConfig: Setting CVar [[r.SSS.Scale:1]]
[2022.12.03-10.20.15:452][  0]LogConfig: Setting CVar [[r.SSS.SampleSet:2]]
[2022.12.03-10.20.15:452][  0]LogConfig: Setting CVar [[r.SSS.Quality:1]]
[2022.12.03-10.20.15:452][  0]LogConfig: Setting CVar [[r.SSS.HalfRes:0]]
[2022.12.03-10.20.15:452][  0]LogConfig: Setting CVar [[r.SSGI.Quality:3]]
[2022.12.03-10.20.15:452][  0]LogConfig: Setting CVar [[r.EmitterSpawnRateScale:1.0]]
[2022.12.03-10.20.15:452][  0]LogConfig: Setting CVar [[r.ParticleLightQuality:2]]
[2022.12.03-10.20.15:452][  0]LogConfig: Setting CVar [[r.SkyAtmosphere.AerialPerspectiveLUT.FastApplyOnOpaque:1 ; Always have FastSkyLUT 1 in this case to avoid wrong sky]]
[2022.12.03-10.20.15:452][  0]LogConfig: Setting CVar [[r.SkyAtmosphere.AerialPerspectiveLUT.SampleCountMaxPerSlice:4]]
[2022.12.03-10.20.15:452][  0]LogConfig: Setting CVar [[r.SkyAtmosphere.AerialPerspectiveLUT.DepthResolution:16.0]]
[2022.12.03-10.20.15:452][  0]LogConfig: Setting CVar [[r.SkyAtmosphere.FastSkyLUT:1]]
[2022.12.03-10.20.15:452][  0]LogConfig: Setting CVar [[r.SkyAtmosphere.FastSkyLUT.SampleCountMin:4.0]]
[2022.12.03-10.20.15:452][  0]LogConfig: Setting CVar [[r.SkyAtmosphere.FastSkyLUT.SampleCountMax:128.0]]
[2022.12.03-10.20.15:452][  0]LogConfig: Setting CVar [[r.SkyAtmosphere.SampleCountMin:4.0]]
[2022.12.03-10.20.15:452][  0]LogConfig: Setting CVar [[r.SkyAtmosphere.SampleCountMax:128.0]]
[2022.12.03-10.20.15:452][  0]LogConfig: Setting CVar [[r.SkyAtmosphere.TransmittanceLUT.UseSmallFormat:0]]
[2022.12.03-10.20.15:452][  0]LogConfig: Setting CVar [[r.SkyAtmosphere.TransmittanceLUT.SampleCount:10.0]]
[2022.12.03-10.20.15:452][  0]LogConfig: Setting CVar [[r.SkyAtmosphere.MultiScatteringLUT.SampleCount:15.0]]
[2022.12.03-10.20.15:452][  0]LogConfig: Setting CVar [[r.SkyLight.RealTimeReflectionCapture:1]]
[2022.12.03-10.20.15:452][  0]LogConfig: Applying CVar settings from Section [FoliageQuality@3] File [D:/My Games/RPG-Combat/RPGCombat/Saved/Config/Windows/Scalability.ini]
[2022.12.03-10.20.15:452][  0]LogConfig: Setting CVar [[foliage.DensityScale:1.0]]
[2022.12.03-10.20.15:452][  0]LogConfig: Setting CVar [[grass.DensityScale:1.0]]
[2022.12.03-10.20.15:452][  0]LogConfig: Applying CVar settings from Section [ShadingQuality@3] File [D:/My Games/RPG-Combat/RPGCombat/Saved/Config/Windows/Scalability.ini]
[2022.12.03-10.20.15:452][  0]LogConfig: Setting CVar [[r.HairStrands.SkyLighting.IntegrationType:2]]
[2022.12.03-10.20.15:452][  0]LogConfig: Setting CVar [[r.HairStrands.SkyAO.SampleCount:4]]
[2022.12.03-10.20.15:452][  0]LogConfig: Setting CVar [[r.HairStrands.Visibility.MSAA.SamplePerPixel:4]]
[2022.12.03-10.20.15:452][  0]LogInit: Selected Device Profile: [Windows]
[2022.12.03-10.20.15:452][  0]LogInit: Applying CVar settings loaded from the selected device profile: [Windows]
[2022.12.03-10.20.15:452][  0]LogHAL: Display: Platform has ~ 12 GB [12680417280 / 17179869184 / 12], which maps to Larger [LargestMinGB=32, LargerMinGB=12, DefaultMinGB=8, SmallerMinGB=6, SmallestMinGB=0)
[2022.12.03-10.20.15:452][  0]LogInit: Going up to parent DeviceProfile []
[2022.12.03-10.20.15:452][  0]LogConfig: Applying CVar settings from Section [ViewDistanceQuality@3] File [D:/My Games/RPG-Combat/RPGCombat/Saved/Config/Windows/Scalability.ini]
[2022.12.03-10.20.15:452][  0]LogConfig: Setting CVar [[r.SkeletalMeshLODBias:0]]
[2022.12.03-10.20.15:452][  0]LogConfig: Setting CVar [[r.ViewDistanceScale:1.0]]
[2022.12.03-10.20.15:452][  0]LogConfig: Applying CVar settings from Section [AntiAliasingQuality@3] File [D:/My Games/RPG-Combat/RPGCombat/Saved/Config/Windows/Scalability.ini]
[2022.12.03-10.20.15:452][  0]LogConfig: Setting CVar [[r.PostProcessAAQuality:4]]
[2022.12.03-10.20.15:452][  0]LogConfig: Applying CVar settings from Section [ShadowQuality@3] File [D:/My Games/RPG-Combat/RPGCombat/Saved/Config/Windows/Scalability.ini]
[2022.12.03-10.20.15:452][  0]LogConfig: Setting CVar [[r.LightFunctionQuality:1]]
[2022.12.03-10.20.15:453][  0]LogConfig: Setting CVar [[r.ShadowQuality:5]]
[2022.12.03-10.20.15:453][  0]LogConfig: Setting CVar [[r.Shadow.CSM.MaxCascades:10]]
[2022.12.03-10.20.15:453][  0]LogConfig: Setting CVar [[r.Shadow.MaxResolution:2048]]
[2022.12.03-10.20.15:453][  0]LogConfig: Setting CVar [[r.Shadow.MaxCSMResolution:2048]]
[2022.12.03-10.20.15:453][  0]LogConfig: Setting CVar [[r.Shadow.RadiusThreshold:0.01]]
[2022.12.03-10.20.15:453][  0]LogConfig: Setting CVar [[r.Shadow.DistanceScale:1.0]]
[2022.12.03-10.20.15:453][  0]LogConfig: Setting CVar [[r.Shadow.CSM.TransitionScale:1.0]]
[2022.12.03-10.20.15:453][  0]LogConfig: Setting CVar [[r.Shadow.PreShadowResolutionFactor:1.0]]
[2022.12.03-10.20.15:453][  0]LogConfig: Setting CVar [[r.DistanceFieldShadowing:1]]
[2022.12.03-10.20.15:453][  0]LogConfig: Setting CVar [[r.DistanceFieldAO:1]]
[2022.12.03-10.20.15:453][  0]LogConfig: Setting CVar [[r.AOQuality:2]]
[2022.12.03-10.20.15:453][  0]LogConfig: Setting CVar [[r.VolumetricFog:1]]
[2022.12.03-10.20.15:453][  0]LogConfig: Setting CVar [[r.VolumetricFog.GridPixelSize:8]]
[2022.12.03-10.20.15:453][  0]LogConfig: Setting CVar [[r.VolumetricFog.GridSizeZ:128]]
[2022.12.03-10.20.15:453][  0]LogConfig: Setting CVar [[r.VolumetricFog.HistoryMissSupersampleCount:4]]
[2022.12.03-10.20.15:453][  0]LogConfig: Setting CVar [[r.LightMaxDrawDistanceScale:1]]
[2022.12.03-10.20.15:453][  0]LogConfig: Setting CVar [[r.CapsuleShadows:1]]
[2022.12.03-10.20.15:453][  0]LogConfig: Applying CVar settings from Section [PostProcessQuality@3] File [D:/My Games/RPG-Combat/RPGCombat/Saved/Config/Windows/Scalability.ini]
[2022.12.03-10.20.15:453][  0]LogConfig: Setting CVar [[r.MotionBlurQuality:4]]
[2022.12.03-10.20.15:453][  0]LogConfig: Setting CVar [[r.AmbientOcclusionMipLevelFactor:0.4]]
[2022.12.03-10.20.15:453][  0]LogConfig: Setting CVar [[r.AmbientOcclusionMaxQuality:100]]
[2022.12.03-10.20.15:453][  0]LogConfig: Setting CVar [[r.AmbientOcclusionLevels:-1]]
[2022.12.03-10.20.15:453][  0]LogConfig: Setting CVar [[r.AmbientOcclusionRadiusScale:1.0]]
[2022.12.03-10.20.15:453][  0]LogConfig: Setting CVar [[r.DepthOfFieldQuality:2]]
[2022.12.03-10.20.15:453][  0]LogConfig: Setting CVar [[r.RenderTargetPoolMin:400]]
[2022.12.03-10.20.15:453][  0]LogConfig: Setting CVar [[r.LensFlareQuality:2]]
[2022.12.03-10.20.15:453][  0]LogConfig: Setting CVar [[r.SceneColorFringeQuality:1]]
[2022.12.03-10.20.15:453][  0]LogConfig: Setting CVar [[r.EyeAdaptationQuality:2]]
[2022.12.03-10.20.15:453][  0]LogConfig: Setting CVar [[r.BloomQuality:5]]
[2022.12.03-10.20.15:453][  0]LogConfig: Setting CVar [[r.FastBlurThreshold:100]]
[2022.12.03-10.20.15:453][  0]LogConfig: Setting CVar [[r.Upscale.Quality:3]]
[2022.12.03-10.20.15:453][  0]LogConfig: Setting CVar [[r.Tonemapper.GrainQuantization:1]]
[2022.12.03-10.20.15:453][  0]LogConfig: Setting CVar [[r.LightShaftQuality:1]]
[2022.12.03-10.20.15:453][  0]LogConfig: Setting CVar [[r.Filter.SizeScale:1]]
[2022.12.03-10.20.15:453][  0]LogConfig: Setting CVar [[r.Tonemapper.Quality:5]]
[2022.12.03-10.20.15:453][  0]LogConfig: Setting CVar [[r.DOF.Gather.AccumulatorQuality:1        ; higher gathering accumulator quality]]
[2022.12.03-10.20.15:453][  0]LogConfig: Setting CVar [[r.DOF.Gather.PostfilterMethod:1          ; Median3x3 postfilering method]]
[2022.12.03-10.20.15:453][  0]LogConfig: Setting CVar [[r.DOF.Gather.EnableBokehSettings:0       ; no bokeh simulation when gathering]]
[2022.12.03-10.20.15:453][  0]LogConfig: Setting CVar [[r.DOF.Gather.RingCount:4                 ; medium number of samples when gathering]]
[2022.12.03-10.20.15:453][  0]LogConfig: Setting CVar [[r.DOF.Scatter.ForegroundCompositing:1    ; additive foreground scattering]]
[2022.12.03-10.20.15:453][  0]LogConfig: Setting CVar [[r.DOF.Scatter.BackgroundCompositing:2    ; additive background scattering]]
[2022.12.03-10.20.15:453][  0]LogConfig: Setting CVar [[r.DOF.Scatter.EnableBokehSettings:1      ; bokeh simulation when scattering]]
[2022.12.03-10.20.15:453][  0]LogConfig: Setting CVar [[r.DOF.Scatter.MaxSpriteRatio:0.1         ; only a maximum of 10% of scattered bokeh]]
[2022.12.03-10.20.15:453][  0]LogConfig: Setting CVar [[r.DOF.Recombine.Quality:1                ; cheap slight out of focus]]
[2022.12.03-10.20.15:453][  0]LogConfig: Setting CVar [[r.DOF.Recombine.EnableBokehSettings:0    ; no bokeh simulation on slight out of focus]]
[2022.12.03-10.20.15:453][  0]LogConfig: Setting CVar [[r.DOF.TemporalAAQuality:1                ; more stable temporal accumulation]]
[2022.12.03-10.20.15:453][  0]LogConfig: Setting CVar [[r.DOF.Kernel.MaxForegroundRadius:0.025]]
[2022.12.03-10.20.15:453][  0]LogConfig: Setting CVar [[r.DOF.Kernel.MaxBackgroundRadius:0.025]]
[2022.12.03-10.20.15:453][  0]LogConfig: Applying CVar settings from Section [TextureQuality@3] File [D:/My Games/RPG-Combat/RPGCombat/Saved/Config/Windows/Scalability.ini]
[2022.12.03-10.20.15:453][  0]LogConfig: Setting CVar [[r.Streaming.MipBias:0]]
[2022.12.03-10.20.15:453][  0]LogConfig: Setting CVar [[r.Streaming.AmortizeCPUToGPUCopy:0]]
[2022.12.03-10.20.15:453][  0]LogConfig: Setting CVar [[r.Streaming.MaxNumTexturesToStreamPerFrame:0]]
[2022.12.03-10.20.15:453][  0]LogConfig: Setting CVar [[r.Streaming.Boost:1]]
[2022.12.03-10.20.15:453][  0]LogConfig: Setting CVar [[r.MaxAnisotropy:8]]
[2022.12.03-10.20.15:453][  0]LogConfig: Setting CVar [[r.VT.MaxAnisotropy:8]]
[2022.12.03-10.20.15:453][  0]LogConfig: Setting CVar [[r.Streaming.LimitPoolSizeToVRAM:0]]
[2022.12.03-10.20.15:453][  0]LogConfig: Setting CVar [[r.Streaming.PoolSize:1000]]
[2022.12.03-10.20.15:453][  0]LogConfig: Setting CVar [[r.Streaming.MaxEffectiveScreenSize:0]]
[2022.12.03-10.20.15:453][  0]LogConfig: Applying CVar settings from Section [EffectsQuality@3] File [D:/My Games/RPG-Combat/RPGCombat/Saved/Config/Windows/Scalability.ini]
[2022.12.03-10.20.15:453][  0]LogConfig: Setting CVar [[r.TranslucencyLightingVolumeDim:64]]
[2022.12.03-10.20.15:453][  0]LogConfig: Setting CVar [[r.RefractionQuality:2]]
[2022.12.03-10.20.15:453][  0]LogConfig: Setting CVar [[r.SSR.Quality:3]]
[2022.12.03-10.20.15:453][  0]LogConfig: Setting CVar [[r.SSR.HalfResSceneColor:0]]
[2022.12.03-10.20.15:453][  0]LogConfig: Setting CVar [[r.SceneColorFormat:4]]
[2022.12.03-10.20.15:453][  0]LogConfig: Setting CVar [[r.DetailMode:2]]
[2022.12.03-10.20.15:453][  0]LogConfig: Setting CVar [[r.TranslucencyVolumeBlur:1]]
[2022.12.03-10.20.15:453][  0]LogConfig: Setting CVar [[r.MaterialQualityLevel:1 ; High quality]]
[2022.12.03-10.20.15:453][  0]LogConfig: Setting CVar [[r.AnisotropicMaterials:1]]
[2022.12.03-10.20.15:453][  0]LogConfig: Setting CVar [[r.SSS.Scale:1]]
[2022.12.03-10.20.15:453][  0]LogConfig: Setting CVar [[r.SSS.SampleSet:2]]
[2022.12.03-10.20.15:453][  0]LogConfig: Setting CVar [[r.SSS.Quality:1]]
[2022.12.03-10.20.15:453][  0]LogConfig: Setting CVar [[r.SSS.HalfRes:0]]
[2022.12.03-10.20.15:453][  0]LogConfig: Setting CVar [[r.SSGI.Quality:3]]
[2022.12.03-10.20.15:453][  0]LogConfig: Setting CVar [[r.EmitterSpawnRateScale:1.0]]
[2022.12.03-10.20.15:453][  0]LogConfig: Setting CVar [[r.ParticleLightQuality:2]]
[2022.12.03-10.20.15:453][  0]LogConfig: Setting CVar [[r.SkyAtmosphere.AerialPerspectiveLUT.FastApplyOnOpaque:1 ; Always have FastSkyLUT 1 in this case to avoid wrong sky]]
[2022.12.03-10.20.15:453][  0]LogConfig: Setting CVar [[r.SkyAtmosphere.AerialPerspectiveLUT.SampleCountMaxPerSlice:4]]
[2022.12.03-10.20.15:453][  0]LogConfig: Setting CVar [[r.SkyAtmosphere.AerialPerspectiveLUT.DepthResolution:16.0]]
[2022.12.03-10.20.15:453][  0]LogConfig: Setting CVar [[r.SkyAtmosphere.FastSkyLUT:1]]
[2022.12.03-10.20.15:453][  0]LogConfig: Setting CVar [[r.SkyAtmosphere.FastSkyLUT.SampleCountMin:4.0]]
[2022.12.03-10.20.15:453][  0]LogConfig: Setting CVar [[r.SkyAtmosphere.FastSkyLUT.SampleCountMax:128.0]]
[2022.12.03-10.20.15:453][  0]LogConfig: Setting CVar [[r.SkyAtmosphere.SampleCountMin:4.0]]
[2022.12.03-10.20.15:453][  0]LogConfig: Setting CVar [[r.SkyAtmosphere.SampleCountMax:128.0]]
[2022.12.03-10.20.15:453][  0]LogConfig: Setting CVar [[r.SkyAtmosphere.TransmittanceLUT.UseSmallFormat:0]]
[2022.12.03-10.20.15:454][  0]LogConfig: Setting CVar [[r.SkyAtmosphere.TransmittanceLUT.SampleCount:10.0]]
[2022.12.03-10.20.15:454][  0]LogConfig: Setting CVar [[r.SkyAtmosphere.MultiScatteringLUT.SampleCount:15.0]]
[2022.12.03-10.20.15:454][  0]LogConfig: Setting CVar [[r.SkyLight.RealTimeReflectionCapture:1]]
[2022.12.03-10.20.15:454][  0]LogConfig: Applying CVar settings from Section [FoliageQuality@3] File [D:/My Games/RPG-Combat/RPGCombat/Saved/Config/Windows/Scalability.ini]
[2022.12.03-10.20.15:454][  0]LogConfig: Setting CVar [[foliage.DensityScale:1.0]]
[2022.12.03-10.20.15:454][  0]LogConfig: Setting CVar [[grass.DensityScale:1.0]]
[2022.12.03-10.20.15:454][  0]LogConfig: Applying CVar settings from Section [ShadingQuality@3] File [D:/My Games/RPG-Combat/RPGCombat/Saved/Config/Windows/Scalability.ini]
[2022.12.03-10.20.15:454][  0]LogConfig: Setting CVar [[r.HairStrands.SkyLighting.IntegrationType:2]]
[2022.12.03-10.20.15:454][  0]LogConfig: Setting CVar [[r.HairStrands.SkyAO.SampleCount:4]]
[2022.12.03-10.20.15:454][  0]LogConfig: Setting CVar [[r.HairStrands.Visibility.MSAA.SamplePerPixel:4]]
[2022.12.03-10.20.15:454][  0]LogConfig: Applying CVar settings from Section [Startup] File [../../../Engine/Config/ConsoleVariables.ini]
[2022.12.03-10.20.15:455][  0]LogConfig: Setting CVar [[net.UseAdaptiveNetUpdateFrequency:0]]
[2022.12.03-10.20.15:455][  0]LogConfig: Setting CVar [[p.chaos.AllowCreatePhysxBodies:1]]
[2022.12.03-10.20.15:455][  0]LogConfig: Setting CVar [[fx.SkipVectorVMBackendOptimizations:1]]
[2022.12.03-10.20.15:455][  0]LogConfig: Applying CVar settings from Section [ConsoleVariables] File [D:/My Games/RPG-Combat/RPGCombat/Saved/Config/Windows/Engine.ini]
[2022.12.03-10.20.15:455][  0]LogConfig: Applying CVar settings from Section [ConsoleVariables] File [D:/My Games/RPG-Combat/RPGCombat/Saved/Config/Windows/Editor.ini]
[2022.12.03-10.20.15:455][  0]LogInit: Computer: DESKTOP-LTHS0VS
[2022.12.03-10.20.15:455][  0]LogInit: User: anshp
[2022.12.03-10.20.15:455][  0]LogInit: CPU Page size=4096, Cores=4
[2022.12.03-10.20.15:455][  0]LogInit: High frequency timer resolution =10.000000 MHz
[2022.12.03-10.20.15:455][  0]LogMemory: Memory total: Physical=11.8GB (12GB approx)
[2022.12.03-10.20.15:455][  0]LogMemory: Platform Memory Stats for Windows
[2022.12.03-10.20.15:455][  0]LogMemory: Process Physical Memory: 142.44 MB used, 142.44 MB peak
[2022.12.03-10.20.15:455][  0]LogMemory: Process Virtual Memory: 124.55 MB used, 124.55 MB peak
[2022.12.03-10.20.15:456][  0]LogMemory: Physical Memory: 6540.98 MB used,  5552.01 MB free, 12092.99 MB total
[2022.12.03-10.20.15:456][  0]LogMemory: Virtual Memory: 134210544.00 MB used,  7180.69 MB free, 134217728.00 MB total
[2022.12.03-10.20.15:465][  0]LogWindows: WindowsPlatformFeatures enabled
[2022.12.03-10.20.15:521][  0]LogInit: Physics initialised using underlying interface: PhysX
[2022.12.03-10.20.15:522][  0]LogInit: Using OS detected language (en-US).
[2022.12.03-10.20.15:522][  0]LogInit: Using OS detected locale (en-IN).
[2022.12.03-10.20.15:536][  0]LogTextLocalizationManager: No specific localization for 'en-US' exists, so the 'en' localization will be used.
[2022.12.03-10.20.15:993][  0]LogInit: Setting process to per monitor DPI aware
[2022.12.03-10.20.16:012][  0]LogWindowsTextInputMethodSystem: Display: IME system deactivated.
[2022.12.03-10.20.16:035][  0]LogSlate: New Slate User Created.  User Index 0, Is Virtual User: 0
[2022.12.03-10.20.16:035][  0]LogSlate: Slate User Registered.  User Index 0, Is Virtual User: 0
[2022.12.03-10.20.16:381][  0]LogD3D11RHI: Loaded GFSDK_Aftermath_Lib.x64.dll
[2022.12.03-10.20.16:388][  0]LogHMD: Failed to initialize OpenVR with code 110
[2022.12.03-10.20.16:388][  0]LogD3D11RHI: D3D11 min allowed feature level: 11_0
[2022.12.03-10.20.16:388][  0]LogD3D11RHI: D3D11 max allowed feature level: 11_0
[2022.12.03-10.20.16:388][  0]LogD3D11RHI: D3D11 adapters:
[2022.12.03-10.20.17:556][  0]LogD3D11RHI:    0. 'Intel(R) UHD Graphics' (Feature Level 11_0)
[2022.12.03-10.20.17:556][  0]LogD3D11RHI:       128/0/6046 MB DedicatedVideo/DedicatedSystem/SharedSystem, Outputs:1, VendorId:0x8086
[2022.12.03-10.20.17:560][  0]LogD3D11RHI:    1. 'Microsoft Basic Render Driver' (Feature Level 11_0)
[2022.12.03-10.20.17:560][  0]LogD3D11RHI:       0/0/6046 MB DedicatedVideo/DedicatedSystem/SharedSystem, Outputs:0, VendorId:0x1414
[2022.12.03-10.20.17:560][  0]LogD3D11RHI: Chosen D3D11 Adapter:
[2022.12.03-10.20.17:560][  0]LogD3D11RHI:     Description : Intel(R) UHD Graphics
[2022.12.03-10.20.17:560][  0]LogD3D11RHI:     VendorId    : 8086
[2022.12.03-10.20.17:560][  0]LogD3D11RHI:     DeviceId    : 9bca
[2022.12.03-10.20.17:560][  0]LogD3D11RHI:     SubSysId    : 86b3103c
[2022.12.03-10.20.17:560][  0]LogD3D11RHI:     Revision    : 0004
[2022.12.03-10.20.17:560][  0]LogD3D11RHI:     DedicatedVideoMemory : 134217728 bytes
[2022.12.03-10.20.17:560][  0]LogD3D11RHI:     DedicatedSystemMemory : 0 bytes
[2022.12.03-10.20.17:560][  0]LogD3D11RHI:     SharedSystemMemory : 6340208640 bytes
[2022.12.03-10.20.17:560][  0]LogD3D11RHI:     AdapterLuid : 0 100816
[2022.12.03-10.20.17:569][  0]LogD3D11RHI: Creating new Direct3DDevice
[2022.12.03-10.20.17:569][  0]LogD3D11RHI:     GPU DeviceId: 0x9bca (for the marketing name, search the web for "GPU Device Id")
[2022.12.03-10.20.17:569][  0]LogWindows: EnumDisplayDevices:
[2022.12.03-10.20.17:569][  0]LogWindows:    0. 'Intel(R) UHD Graphics' (P:1 D:1)
[2022.12.03-10.20.17:570][  0]LogWindows:    1. 'Intel(R) UHD Graphics' (P:0 D:0)
[2022.12.03-10.20.17:571][  0]LogWindows:    2. 'Intel(R) UHD Graphics' (P:0 D:0)
[2022.12.03-10.20.17:571][  0]LogWindows: DebugString: FoundDriverCount:3 
[2022.12.03-10.20.17:571][  0]LogD3D11RHI:     Adapter Name: Intel(R) UHD Graphics
[2022.12.03-10.20.17:571][  0]LogD3D11RHI:   Driver Version: 31.0.101.2004 (internal:31.0.101.2004, unified:31.0.101.2004)
[2022.12.03-10.20.17:571][  0]LogD3D11RHI:      Driver Date: 8-23-2022
[2022.12.03-10.20.17:571][  0]LogRHI: Texture pool is 1523 MB (70% of 2176 MB)
[2022.12.03-10.20.17:715][  0]LogD3D11RHI: Creating D3DDevice using adapter:
[2022.12.03-10.20.17:715][  0]LogD3D11RHI:     Description : Intel(R) UHD Graphics
[2022.12.03-10.20.17:715][  0]LogD3D11RHI:     VendorId    : 8086
[2022.12.03-10.20.17:715][  0]LogD3D11RHI:     DeviceId    : 9bca
[2022.12.03-10.20.17:715][  0]LogD3D11RHI:     SubSysId    : 86b3103c
[2022.12.03-10.20.17:715][  0]LogD3D11RHI:     Revision    : 0004
[2022.12.03-10.20.17:715][  0]LogD3D11RHI:     DedicatedVideoMemory : 134217728 bytes
[2022.12.03-10.20.17:715][  0]LogD3D11RHI:     DedicatedSystemMemory : 0 bytes
[2022.12.03-10.20.17:715][  0]LogD3D11RHI:     SharedSystemMemory : 6340208640 bytes
[2022.12.03-10.20.17:715][  0]LogD3D11RHI:     AdapterLuid : 0 100816
[2022.12.03-10.20.18:878][  0]LogD3D11RHI: RHI does not have support for 64 bit atomics
[2022.12.03-10.20.18:933][  0]LogD3D11RHI: Intel Extensions support version Full=16777216, Major=1, Minor=0, Revision=0
[2022.12.03-10.20.18:933][  0]LogD3D11RHI: Intel Extensions support version Full=16777217, Major=1, Minor=0, Revision=1
[2022.12.03-10.20.18:934][  0]LogD3D11RHI: Intel Extensions Framework enabled
[2022.12.03-10.20.18:935][  0]LogD3D11RHI: [IntelMetricsDiscovery] Started
[2022.12.03-10.20.18:935][  0]LogD3D11RHI: Async texture creation enabled
[2022.12.03-10.20.18:935][  0]LogD3D11RHI: Array index from any shader is supported
[2022.12.03-10.20.18:953][  0]LogD3D11RHI: GPU Timing Frequency: 12.000048 (Debug: 2 0)
[2022.12.03-10.20.19:663][  0]LogTargetPlatformManager: Display: Loaded TargetPlatform 'AllDesktop'
[2022.12.03-10.20.19:716][  0]LogTargetPlatformManager: Display: Loaded TargetPlatform 'Android'
[2022.12.03-10.20.19:716][  0]LogTargetPlatformManager: Display: Loaded TargetPlatform 'Android_ASTC'
[2022.12.03-10.20.19:716][  0]LogTargetPlatformManager: Display: Loaded TargetPlatform 'Android_DXT'
[2022.12.03-10.20.19:716][  0]LogTargetPlatformManager: Display: Loaded TargetPlatform 'Android_ETC2'
[2022.12.03-10.20.19:716][  0]LogTargetPlatformManager: Display: Loaded TargetPlatform 'AndroidClient'
[2022.12.03-10.20.19:716][  0]LogTargetPlatformManager: Display: Loaded TargetPlatform 'Android_ASTCClient'
[2022.12.03-10.20.19:716][  0]LogTargetPlatformManager: Display: Loaded TargetPlatform 'Android_DXTClient'
[2022.12.03-10.20.19:716][  0]LogTargetPlatformManager: Display: Loaded TargetPlatform 'Android_ETC2Client'
[2022.12.03-10.20.19:716][  0]LogTargetPlatformManager: Display: Loaded TargetPlatform 'Android_Multi'
[2022.12.03-10.20.19:717][  0]LogTargetPlatformManager: Display: Loaded TargetPlatform 'Android_MultiClient'
[2022.12.03-10.20.19:759][  0]LogTargetPlatformManager: Display: Loaded TargetPlatform 'IOSClient'
[2022.12.03-10.20.19:759][  0]LogTargetPlatformManager: Display: Loaded TargetPlatform 'IOS'
[2022.12.03-10.20.19:785][  0]LogTargetPlatformManager: Display: Loaded TargetPlatform 'Linux'
[2022.12.03-10.20.19:795][  0]LogTargetPlatformManager: Display: Loaded TargetPlatform 'LinuxNoEditor'
[2022.12.03-10.20.19:802][  0]LogTargetPlatformManager: Display: Loaded TargetPlatform 'LinuxClient'
[2022.12.03-10.20.19:810][  0]LogTargetPlatformManager: Display: Loaded TargetPlatform 'LinuxServer'
[2022.12.03-10.20.19:833][  0]LogTargetPlatformManager: Display: Loaded TargetPlatform 'LinuxAArch64NoEditor'
[2022.12.03-10.20.19:844][  0]LogTargetPlatformManager: Display: Loaded TargetPlatform 'LinuxAArch64Client'
[2022.12.03-10.20.19:854][  0]LogTargetPlatformManager: Display: Loaded TargetPlatform 'LinuxAArch64Server'
[2022.12.03-10.20.19:925][  0]LogTargetPlatformManager: Display: Loaded TargetPlatform 'Lumin'
[2022.12.03-10.20.19:925][  0]LogTargetPlatformManager: Display: Loaded TargetPlatform 'LuminClient'
[2022.12.03-10.20.19:948][  0]LogTargetPlatformManager: Display: Loaded TargetPlatform 'MacNoEditor'
[2022.12.03-10.20.19:959][  0]LogTargetPlatformManager: Display: Loaded TargetPlatform 'Mac'
[2022.12.03-10.20.19:969][  0]LogTargetPlatformManager: Display: Loaded TargetPlatform 'MacClient'
[2022.12.03-10.20.19:978][  0]LogTargetPlatformManager: Display: Loaded TargetPlatform 'MacServer'
[2022.12.03-10.20.20:006][  0]LogTargetPlatformManager: Display: Loaded TargetPlatform 'TVOSClient'
[2022.12.03-10.20.20:006][  0]LogTargetPlatformManager: Display: Loaded TargetPlatform 'TVOS'
[2022.12.03-10.20.20:028][  0]LogTargetPlatformManager: Display: Loaded TargetPlatform 'WindowsNoEditor'
[2022.12.03-10.20.20:038][  0]LogTargetPlatformManager: Display: Loaded TargetPlatform 'Windows'
[2022.12.03-10.20.20:048][  0]LogTargetPlatformManager: Display: Loaded TargetPlatform 'WindowsClient'
[2022.12.03-10.20.20:059][  0]LogTargetPlatformManager: Display: Loaded TargetPlatform 'WindowsServer'
[2022.12.03-10.20.20:059][  0]LogTargetPlatformManager: Display: Building Assets For Windows
[2022.12.03-10.20.20:075][  0]LogAudioDebug: Display: Lib vorbis DLL was dynamically loaded.
[2022.12.03-10.20.20:144][  0]LogTextureFormatOodle: Display: Oodle Texture 2.9.0 init RDO Off
[2022.12.03-10.20.20:216][  0]LogRendererCore: Ray tracing is disabled. Reason: r.RayTracing=0.
[2022.12.03-10.20.20:216][  0]LogShaderCompilers: Guid format shader working directory is 13 characters bigger than the processId version (D:/My Games/RPG-Combat/RPGCombat/Intermediate/Shaders/WorkingDirectory/13688/).
[2022.12.03-10.20.20:216][  0]LogShaderCompilers: Cleaned the shader compiler working directory 'C:/Users/anshp/AppData/Local/Temp/UnrealShaderWorkingDir/A1E63AB9472C62A82C9229A8F97A1475/'.
[2022.12.03-10.20.20:216][  0]LogXGEController: Cannot use XGE Controller as Incredibuild is not installed on this machine.
[2022.12.03-10.20.20:217][  0]LogShaderCompilers: Cannot use XGE Shader Compiler as Incredibuild is not installed on this machine.
[2022.12.03-10.20.20:217][  0]LogShaderCompilers: Display: Using Local Shader Compiler.
[2022.12.03-10.20.21:718][  0]LogDerivedDataCache: Display: Max Cache Size: 512 MB
[2022.12.03-10.20.21:799][  0]LogDerivedDataCache: Loaded boot cache 0.08s 94MB C:/Users/anshp/AppData/Local/UnrealEngine/4.27/DerivedDataCache/Boot.ddc.
[2022.12.03-10.20.21:799][  0]LogDerivedDataCache: Display: Loaded Boot cache: C:/Users/anshp/AppData/Local/UnrealEngine/4.27/DerivedDataCache/Boot.ddc
[2022.12.03-10.20.21:799][  0]LogDerivedDataCache: FDerivedDataBackendGraph:  Pak pak cache file D:/My Games/RPG-Combat/RPGCombat/DerivedDataCache/DDC.ddp not found, will not use a pak cache.
[2022.12.03-10.20.21:799][  0]LogDerivedDataCache: Unable to find inner node Pak for hierarchical cache Hierarchy.
[2022.12.03-10.20.21:799][  0]LogDerivedDataCache: FDerivedDataBackendGraph:  CompressedPak pak cache file D:/My Games/RPG-Combat/RPGCombat/DerivedDataCache/Compressed.ddp not found, will not use a pak cache.
[2022.12.03-10.20.21:799][  0]LogDerivedDataCache: Unable to find inner node CompressedPak for hierarchical cache Hierarchy.
[2022.12.03-10.20.21:825][  0]LogDerivedDataCache: Display: Pak cache opened for reading ../../../Engine/DerivedDataCache/Compressed.ddp.
[2022.12.03-10.20.21:826][  0]LogDerivedDataCache: FDerivedDataBackendGraph:  EnterprisePak pak cache file ../../../Enterprise/DerivedDataCache/Compressed.ddp not found, will not use a pak cache.
[2022.12.03-10.20.21:826][  0]LogDerivedDataCache: Unable to find inner node EnterprisePak for hierarchical cache Hierarchy.
[2022.12.03-10.20.21:881][  0]LogDerivedDataCache: Speed tests for C:/Users/anshp/AppData/Local/UnrealEngine/Common/DerivedDataCache took 0.06 seconds
[2022.12.03-10.20.21:881][  0]LogDerivedDataCache: Display: Performance to C:/Users/anshp/AppData/Local/UnrealEngine/Common/DerivedDataCache: Latency=0.03ms. RandomReadSpeed=118.67MBs, RandomWriteSpeed=19.41MBs. Assigned SpeedClass 'Local'
[2022.12.03-10.20.21:883][  0]LogDerivedDataCache: Using Local data cache path C:/Users/anshp/AppData/Local/UnrealEngine/Common/DerivedDataCache: Writable
[2022.12.03-10.20.21:883][  0]LogDerivedDataCache: Shared data cache path not found in *engine.ini, will not use an Shared cache.
[2022.12.03-10.20.21:883][  0]LogDerivedDataCache: Unable to find inner node Shared for hierarchical cache Hierarchy.
[2022.12.03-10.20.21:957][  0]LogSlate: Using FreeType 2.10.0
[2022.12.03-10.20.21:958][  0]LogSlate: SlateFontServices - WITH_FREETYPE: 1, WITH_HARFBUZZ: 1
[2022.12.03-10.20.21:998][  0]LogAssetRegistry: FAssetRegistry took 0.0051 seconds to start up
[2022.12.03-10.20.22:656][  0]LogInit: Selected Device Profile: [Windows]
[2022.12.03-10.20.22:656][  0]LogInit: Active device profile: [0000025C3C7CF900][0000025C355FA280 49] Windows
[2022.12.03-10.20.22:656][  0]LogInit: Profiles: [0000025C3C7CF900][0000025C355FA280 49] Windows, [0000025C3C790800][0000025C35602400 49] WindowsNoEditor, [0000025C3C7CC800][0000025C355FE540 49] WindowsServer, [0000025C3C793400][0000025C3AD6A680 49] WindowsClient, [0000025C3C7CF300][0000025C3AD6E7C0 49] IOS, [0000025C3C791000][0000025C3AD72900 49] iPadAir, [0000025C3C7CCF00][0000025C3AD7AA80 49] iPadAir2, [0000025C3C74C500][0000025C3AD82D40 49] IPadPro, [0000025C3C74C600][0000025C3AD7ED80 49] iPadAir3, [0000025C3C7CEE00][0000025C3AD86F00 49] iPadAir4, [0000025C3C74F600][0000025C3AD8B080 49] iPadMini2, [0000025C3C7CD200][0000025C35213200 49] iPadMini3, [0000025C3C74D700][0000025C35217380 49] iPadMini4, [0000025C3C7CE800][0000025C3521B500 49] iPadMini5, [0000025C3C72FD00][0000025C352237C0 49] iPhone6, [0000025C3C72FE00][0000025C3521F800 49] iPodTouch6, [0000025C3C74EE00][0000025C3522BAC0 49] iPhone7, [0000025C3C74F200][0000025C35227B00 49] iPodTouch7, [0000025C3C72CD00][0000025C3522E100 49] iPhone5S, [0000025C3C74FB00][0000025C35232280 49] iPhone6Plus, [0000025C3C72EE00][0000025C35236400 49] iPhone6S, [0000025C3C74C900][0000025C3523A580 49] iPhone6SPlus, [0000025C3C72D300][0000025C3523E700 49] iPhone7Plus, [0000025C3C74D400][0000025C3AD76840 49] iPhoneSE, [0000025C3C72E800][0000025C35242980 49] iPhone8, [0000025C3C74CD00][0000025C35246AC0 49] iPhone8Plus, [0000025C3C72D900][0000025C3524EC40 49] iPhoneX, [0000025C3C74F900][0000025C35252DC0 49] iPhoneXS, [0000025C3C72CB00][0000025C35256F40 49] iPhoneXSMax, [0000025C3C74D900][0000025C3525B0C0 49] iPhoneXR, [0000025C3C72C800][0000025C3525F240 49] iPhone11, [0000025C3C74F700][0000025C352633C0 49] iPhone11Pro, [0000025C3C72EA00][0000025C35267540 49] iPhone11ProMax, [0000025C3C74E700][0000025C3526B6C0 49] iPhoneSE2, [0000025C3C72D800][0000025C3526F840 49] iPhone12Mini, [0000025C3C74E300][0000025C352739C0 49] iPhone12, [0000025C3C72DD00][0000025C35277B40 49] iPhone12Pro, [0000025C3C74CE00][0000025C3527A140 49] iPhone12ProMax, [0000025C3C72EF00][0000025C3527E2C0 49] iPadPro105, [0000025C3C74CB00][0000025C35282440 49] iPadPro129, [0000025C3C72D200][0000025C352865C0 49] iPadPro97, [0000025C3C74D000][0000025C3528A740 49] iPadPro2_129, [0000025C3C72E600][0000025C3528E8C0 49] iPad5, [0000025C3C74FF00][0000025C3524AA00 49] iPad6, [0000025C3C72C500][0000025C3CFF2B40 49] iPad7, [0000025C3C74D500][0000025C3CFF6C80 49] iPad8, [0000025C3C72F000][0000025C3CFFADC0 49] iPadPro11, [0000025C3C74F800][0000025C3D002F40 49] iPadPro2_11, [0000025C3C72DF00][0000025C3D0070C0 49] iPadPro3_129, [0000025C3C74EC00][0000025C3D00B240 49] iPadPro4_129, [0000025C3C72F400][0000025C3D00F3C0 49] AppleTV, [0000025C3C74F500][0000025C3D013540 49] AppleTV4K, [0000025C3C72C300][0000025C3D0176C0 49] TVOS, [0000025C3C74EF00][0000025C3D01B840 49] Mac, [0000025C3C72FB00][0000025C3D01F9C0 49] MacClient, [0000025C3C74F400][0000025C3D023B40 49] MacNoEditor, [0000025C3C72CE00][0000025C3D026140 49] MacServer, [0000025C3C74E800][0000025C3D02A2C0 49] Linux, [0000025C3C72DA00][0000025C3D02E440 49] LinuxAArch64, [0000025C3C74F100][0000025C3D0325C0 49] LinuxNoEditor, [0000025C3C72E900][0000025C3D036740 49] LinuxAArch64NoEditor, [0000025C3C74E600][0000025C3D03A8C0 49] LinuxClient, [0000025C3C72E700][0000025C3D03EA40 49] LinuxAArch64Client, [0000025C3C74D100][0000025C3CFFEB80 49] LinuxServer, [0000025C3C72FF00][0000025C3D042CC0 49] LinuxAArch64Server, [0000025C3C74EB00][0000025C3D046E00 49] Android, [0000025C3C792500][0000025C3D04AF40 49] Android_Low, [0000025C3C818800][0000025C3D0530C0 49] Android_Mid, [0000025C3C792D00][0000025C3D057240 49] Android_High, [0000025C3C818B00][0000025C3D05B3C0 49] Android_Default, [0000025C3C793600][0000025C3D05F540 49] Android_Adreno4xx, [0000025C3C818E00][0000025C3D0636C0 49] Android_Adreno5xx_Low, [0000025C3C790200][0000025C3D067840 49] Android_Adreno5xx, [0000025C3C819700][0000025C3D06B9C0 49] Android_Adreno6xx, [0000025C3C790A00][0000025C3D06FB40 49] Android_Adreno6xx_Vulkan, [0000025C3C818100][0000025C3D072140 49] Android_Mali_T6xx, [0000025C3C791200][0000025C3D0762C0 49] Android_Mali_T7xx, [0000025C3C81A100][0000025C3D07A440 49] Android_Mali_T8xx, [0000025C3C793C00][0000025C3D07E5C0 49] Android_Mali_G71, [0000025C3C819F00][0000025C3D082740 49] Android_Mali_G72, [0000025C3C791C00][0000025C3D0868C0 49] Android_Mali_G72_Vulkan, [0000025C3C819C00][0000025C3D08AA40 49] Android_Mali_G76, [0000025C3C790D00][0000025C3D08EBC0 49] Android_Mali_G76_Vulkan, [0000025C3C819500][0000025C3D092D40 49] Android_Mali_G77, [0000025C3C791E00][0000025C3D04EE80 49] Android_Mali_G77_Vulkan, [0000025C3C818D00][0000025C3D096FC0 49] Android_Mali_G78, [0000025C3C793100][0000025C3D09B100 49] Android_Mali_G78_Vulkan, [0000025C3C818400][0000025C3D0A3280 49] Android_Mali_G710, [0000025C3C791700][0000025C3D0A7400 49] Android_Mali_G710_Vulkan, [0000025C3C819000][0000025C3D0AB580 49] Android_Vulkan_SM5, [0000025C3C793700][0000025C3D0AF700 49] Android_PowerVR_G6xxx, [0000025C3C818C00][0000025C3D0B3880 49] Android_PowerVR_GT7xxx, [0000025C3C74DD00][0000025C3D0B7A00 49] Android_PowerVR_GE8xxx, [0000025C3C72DB00][0000025C3D0BBB80 49] Android_PowerVR_GM9xxx, [0000025C3C74FC00][0000025C3D0BE180 49] Android_PowerVR_GM9xxx_Vulkan, [0000025C3C72C100][0000025C3D0C2300 49] Android_TegraK1, [0000025C3C74CA00][0000025C3D0C6480 49] Android_Unknown_Vulkan, [0000025C3C72E400][0000025C3D0CA600 49] Lumin, [0000025C3C74ED00][0000025C3D0CE780 49] Lumin_Desktop, [0000025C3C818600][0000025C3D0D2900 49] HoloLens, 
[2022.12.03-10.20.23:060][  0]LogMeshReduction: Using QuadricMeshReduction for automatic static mesh reduction
[2022.12.03-10.20.23:060][  0]LogMeshReduction: Using SimplygonMeshReduction for automatic skeletal mesh reduction
[2022.12.03-10.20.23:060][  0]LogMeshReduction: Using ProxyLODMeshReduction for automatic mesh merging
[2022.12.03-10.20.23:060][  0]LogMeshReduction: No distributed automatic mesh merging module available
[2022.12.03-10.20.23:060][  0]LogMeshMerging: No distributed automatic mesh merging module available
[2022.12.03-10.20.23:096][  0]LogNetVersion: RPGCombat 1.0.0, NetCL: 17155196, EngineNetVer: 17, GameNetVer: 0 (Checksum: 304555336)
[2022.12.03-10.20.24:089][  0]LogTexture: Default maximum texture size for cubemaps generated from long-lat sources has been changed from 512 to unlimited. In order to preserve old behaiour for '/Engine/MapTemplates/Sky/DaylightAmbientCubemap.DaylightAmbientCubemap', its maximum texture size has been explicitly set to 512.
[2022.12.03-10.20.24:211][  0]LogHMD: PokeAHoleMaterial loaded successfully
[2022.12.03-10.20.24:228][  0]LogUObjectArray: 17178 objects as part of root set at end of initial load.
[2022.12.03-10.20.24:228][  0]LogUObjectAllocator: 4302048 out of 0 bytes used by permanent object pool.
[2022.12.03-10.20.24:228][  0]LogUObjectArray: CloseDisregardForGC: 0/0 objects in disregard for GC pool
[2022.12.03-10.20.25:012][  0]LogNiagaraDebuggerClient: Niagara Debugger Client Initialized | Session: 11095C6C4EBCC1EAC96BB8B5244301FE | Instance: 05AA6BD2433E508A90C9EDBE234B9D5C (DESKTOP-LTHS0VS-13688).
[2022.12.03-10.20.25:335][  0]LogPython: Using Python 3.7.7
[2022.12.03-10.20.27:104][  0]LogTcpMessaging: Initializing TcpMessaging bridge
[2022.12.03-10.20.27:139][  0]LogUdpMessaging: Initializing bridge on interface 0.0.0.0:0 to multicast group 230.0.0.1:6666.
[2022.12.03-10.20.27:777][  0]SourceControl: Source control is disabled
[2022.12.03-10.20.27:777][  0]SourceControl: Source control is disabled
[2022.12.03-10.20.27:786][  0]SourceControl: Source control is disabled
[2022.12.03-10.20.27:795][  0]SourceControl: Source control is disabled
[2022.12.03-10.20.27:813][  0]SourceControl: Source control is disabled
[2022.12.03-10.20.27:822][  0]LogUProjectInfo: Found projects:
[2022.12.03-10.20.28:128][  0]LogOpenImageDenoise: OIDN starting up
[2022.12.03-10.20.28:191][  0]LogAndroidPermission: UAndroidPermissionCallbackProxy::GetInstance
[2022.12.03-10.20.28:233][  0]LogAudioCaptureCore: Display: No Audio Capture implementations found. Audio input will be silent.
[2022.12.03-10.20.28:233][  0]LogAudioCaptureCore: Display: No Audio Capture implementations found. Audio input will be silent.
[2022.12.03-10.20.28:606][  0]LogCollectionManager: Loaded 0 collections in 0.002624 seconds
[2022.12.03-10.20.28:646][  0]LogFileCache: Scanning file cache for directory 'D:/My Games/RPG-Combat/RPGCombat/Saved/Collections/' took 0.00s
[2022.12.03-10.20.28:646][  0]LogFileCache: Scanning file cache for directory 'D:/My Games/RPG-Combat/RPGCombat/Content/Developers/anshp/Collections/' took 0.00s
[2022.12.03-10.20.28:646][  0]LogFileCache: Scanning file cache for directory 'D:/My Games/RPG-Combat/RPGCombat/Content/Collections/' took 0.00s
[2022.12.03-10.20.28:646][  0]LogOcInput: OculusInput pre-init called
[2022.12.03-10.20.29:120][  0]LogEngine: Initializing Engine...
[2022.12.03-10.20.29:125][  0]LogHMD: Failed to enumerate extensions. Please check that you have a valid OpenXR runtime installed.
[2022.12.03-10.20.29:126][  0]LogHMD: Failed to initialize OpenVR with code 110
[2022.12.03-10.20.29:126][  0]LogMagicLeap: Warning: VR disabled because ZI is not enabled.  To enable, in the editor, Edit -> Project Settings -> Plugins -> Magic Leap Plugin -> Enable Zero Iteration
[2022.12.03-10.20.29:127][  0]LogStats: UGameplayTagsManager::InitializeManager -  0.000 s
[2022.12.03-10.20.29:348][  0]LogInit: Initializing FReadOnlyCVARCache
[2022.12.03-10.20.29:365][  0]LogAIModule: Creating AISystem for world Untitled
[2022.12.03-10.20.29:380][  0]LogAudio: Display: Initializing Audio Device Manager...
[2022.12.03-10.20.29:388][  0]LogAudio: Display: Loading Default Audio Settings Objects...
[2022.12.03-10.20.29:390][  0]LogAudio: Display: No default SoundConcurrencyObject specified (or failed to load).
[2022.12.03-10.20.29:390][  0]LogAudio: Display: Audio Device Manager Initialized
[2022.12.03-10.20.29:390][  0]LogAudio: Display: Creating Audio Device:                 Id: 1, Scope: Shared, Realtime: True
[2022.12.03-10.20.29:391][  0]LogAudioMixer: Display: Audio Mixer Platform Settings:
[2022.12.03-10.20.29:391][  0]LogAudioMixer: Display: 	Sample Rate:						  48000
[2022.12.03-10.20.29:391][  0]LogAudioMixer: Display: 	Callback Buffer Frame Size Requested: 1024
[2022.12.03-10.20.29:391][  0]LogAudioMixer: Display: 	Callback Buffer Frame Size To Use:	  1024
[2022.12.03-10.20.29:391][  0]LogAudioMixer: Display: 	Number of buffers to queue:			  2
[2022.12.03-10.20.29:391][  0]LogAudioMixer: Display: 	Max Channels (voices):				  32
[2022.12.03-10.20.29:391][  0]LogAudioMixer: Display: 	Number of Async Source Workers:		  0
[2022.12.03-10.20.29:391][  0]LogAudio: Display: AudioDevice MaxSources: 32
[2022.12.03-10.20.29:391][  0]LogAudio: Display: Audio Spatialization Plugin: None (built-in).
[2022.12.03-10.20.29:391][  0]LogAudio: Display: Audio Reverb Plugin: None (built-in).
[2022.12.03-10.20.29:391][  0]LogAudio: Display: Audio Occlusion Plugin: None (built-in).
[2022.12.03-10.20.29:391][  0]LogAudioMixer: Display: Initializing audio mixer.
[2022.12.03-10.20.29:425][  0]LogAudioMixer: Display: 0: FrontLeft
[2022.12.03-10.20.29:425][  0]LogAudioMixer: Display: 1: FrontRight
[2022.12.03-10.20.29:756][  0]LogAudioMixer: Display: Using Audio Device Headphones (Airdopes 441)
[2022.12.03-10.20.29:764][  0]LogAudioMixer: Display: Initializing Sound Submixes...
[2022.12.03-10.20.29:770][  0]LogAudioMixer: Display: Creating Master Submix 'MasterSubmixDefault'
[2022.12.03-10.20.29:771][  0]LogAudioMixer: Display: Creating Master Submix 'MasterReverbSubmixDefault'
[2022.12.03-10.20.29:774][  0]LogAudioMixer: Display: Creating Master Submix 'MasterEQSubmixDefault'
[2022.12.03-10.20.29:774][  0]LogAudioMixer: FMixerPlatformXAudio2::StartAudioStream() called
[2022.12.03-10.20.29:774][  0]LogAudioMixer: Display: Output buffers initialized: Frames=1024, Channels=2, Samples=2048
[2022.12.03-10.20.29:776][  0]LogAudioMixer: Display: Starting AudioMixerPlatformInterface::RunInternal()
[2022.12.03-10.20.29:776][  0]LogAudioMixer: Display: FMixerPlatformXAudio2::SubmitBuffer() called for the first time
[2022.12.03-10.20.29:776][  0]LogInit: FAudioDevice initialized.
[2022.12.03-10.20.29:778][  0]LogAudio: Display: Audio Device (ID: 1) registered with world 'Untitled'.
[2022.12.03-10.20.29:778][  0]LogNetVersion: Set ProjectVersion to 1.0.0.0. Version Checksum will be recalculated on next use.
[2022.12.03-10.20.29:869][  0]LogDerivedDataCache: Saved boot cache 0.09s 94MB C:/Users/anshp/AppData/Local/UnrealEngine/4.27/DerivedDataCache/Boot.ddc.
[2022.12.03-10.20.29:870][  0]LogInit: Texture streaming: Enabled
[2022.12.03-10.20.29:888][  0]LogAnalytics: Display: [UEEditor.Rocket.Release] APIServer = https://datarouter.ol.epicgames.com/. AppVersion = 4.27.2-18319896+++UE4+Release-4.27
[2022.12.03-10.20.29:893][  0]LogEngineSessionManager: EngineSessionManager initialized
[2022.12.03-10.20.29:893][  0]LogEditorSessionSummary: Verbose: Initializing EditorSessionSummaryWriter for editor session tracking
[2022.12.03-10.20.29:895][  0]LogEditorSessionSummary: EditorSessionSummaryWriter initialized
[2022.12.03-10.20.29:913][  0]LogInit: Transaction tracking system initialized
[2022.12.03-10.20.29:943][  0]BlueprintLog: New page: Editor Load
[2022.12.03-10.20.30:064][  0]LocalizationService: Localization service is disabled
[2022.12.03-10.20.30:103][  0]TimingProfiler: Initialize
[2022.12.03-10.20.30:104][  0]TimingProfiler: OnSessionChanged
[2022.12.03-10.20.30:104][  0]LoadingProfiler: Initialize
[2022.12.03-10.20.30:104][  0]LoadingProfiler: OnSessionChanged
[2022.12.03-10.20.30:104][  0]NetworkingProfiler: Initialize
[2022.12.03-10.20.30:104][  0]NetworkingProfiler: OnSessionChanged
[2022.12.03-10.20.30:104][  0]MemoryProfiler: Initialize
[2022.12.03-10.20.30:104][  0]MemoryProfiler: OnSessionChanged
[2022.12.03-10.20.30:453][  0]LogCook: Display: CookSettings for Memory: MemoryMaxUsedVirtual 0MiB, MemoryMaxUsedPhysical 16384MiB, MemoryMinFreeVirtual 0MiB, MemoryMinFreePhysical 1024MiB
[2022.12.03-10.20.30:453][  0]LogFileCache: Scanning file cache for directory 'D:/My Games/RPG-Combat/RPGCombat/Content/' took 0.00s
[2022.12.03-10.20.30:453][  0]LogCook: Display: Mobile HDR setting 1
[2022.12.03-10.20.31:187][  0]LogInit: Display: Engine is initialized. Leaving FEngineLoop::Init()
[2022.12.03-10.20.31:193][  0]SourceControl: Source control is disabled
[2022.12.03-10.20.31:193][  0]LogUnrealEdMisc: Loading editor; pre map load, took 18.508
[2022.12.03-10.20.31:193][  0]Cmd: MAP LOAD FILE="../../../Engine/Content/Maps/Templates/Template_Default.umap" TEMPLATE=1 SHOWPROGRESS=1 FEATURELEVEL=3
[2022.12.03-10.20.31:194][  0]LightingResults: New page: Lighting Build
[2022.12.03-10.20.31:195][  0]LogWorld: UWorld::CleanupWorld for Untitled, bSessionEnded=true, bCleanupResources=true
[2022.12.03-10.20.31:195][  0]LogSlate: InvalidateAllWidgets triggered.  All widgets were invalidated
[2022.12.03-10.20.31:195][  0]MapCheck: New page: Map Check
[2022.12.03-10.20.31:195][  0]LightingResults: New page: Lighting Build
[2022.12.03-10.20.31:203][  0]LogAudio: Display: Audio Device unregistered from world 'None'.
[2022.12.03-10.20.31:207][  0]LogUObjectHash: Compacting FUObjectHashTables data took   1.45ms
[2022.12.03-10.20.31:286][  0]LogTexture: Display: Building textures: DeprecatedTextureEB9CBE3C423008B5E8E130901E171C89 (BGRA8, 128X128)
[2022.12.03-10.20.31:301][  0]LogAudio: Display: Audio Device (ID: 1) registered with world 'Untitled_1'.
[2022.12.03-10.20.31:303][  0]LogAIModule: Creating AISystem for world Untitled_1
[2022.12.03-10.20.31:310][  0]LogEditorServer: Finished looking for orphan Actors (0.000 secs)
[2022.12.03-10.20.31:324][  0]LogUObjectHash: Compacting FUObjectHashTables data took   2.33ms
[2022.12.03-10.20.31:325][  0]Cmd: MAP CHECKDEP NOCLEARLOG
[2022.12.03-10.20.31:325][  0]MapCheck: Map check complete: 0 Error(s), 0 Warning(s), took 0.163ms to complete.
[2022.12.03-10.20.31:325][  0]LogFileHelpers: Loading map 'Template_Default' took 0.132
[2022.12.03-10.20.31:329][  0]LogUnrealEdMisc: Total Editor Startup Time, took 18.644
[2022.12.03-10.20.31:559][  0]LogSlate: Updating window title bar state: overlay mode, drag disabled, window buttons hidden, title bar hidden
[2022.12.03-10.20.31:572][  0]LogSlate: Updating window title bar state: overlay mode, drag disabled, window buttons hidden, title bar hidden
[2022.12.03-10.20.31:584][  0]LogSlate: Updating window title bar state: overlay mode, drag disabled, window buttons hidden, title bar hidden
[2022.12.03-10.20.31:599][  0]LogSlate: Updating window title bar state: overlay mode, drag disabled, window buttons hidden, title bar hidden
[2022.12.03-10.20.31:648][  0]LogNativeClassHierarchy: Verbose: Native class hierarchy populated in 0.0302 seconds. Added 3823 classes and 930 folders.
[2022.12.03-10.20.31:652][  0]LogNativeClassHierarchy: Verbose: Native class hierarchy updated for 'WidgetCarousel' in 0.0005 seconds. Added 0 classes and 0 folders.
[2022.12.03-10.20.31:655][  0]LogPakFile: PakFile PrimaryIndexSize=187
[2022.12.03-10.20.31:655][  0]LogPakFile: PakFile PathHashIndexSize=101
[2022.12.03-10.20.31:655][  0]LogPakFile: PakFile FullDirectoryIndexSize=148
[2022.12.03-10.20.31:655][  0]LogShaderLibrary: Display: ShaderCodeLibraryPakFileMountedCallback: PakFile 'C:/Program Files/Unreal Engine/UE_4.27/FeaturePacks/FP_FirstPerson.upack' (chunk index -1, root 'root:/') mounted
[2022.12.03-10.20.31:656][  0]LogShaderLibrary: Display: ShaderCodeLibraryPakFileMountedCallback: pending pak file info (ChunkID:-1 Root:root:/ File:C:/Program Files/Unreal Engine/UE_4.27/FeaturePacks/FP_FirstPerson.upack)
[2022.12.03-10.20.31:656][  0]LogPakFile: OnPakFileMounted2Time == 0.000250
[2022.12.03-10.20.31:658][  0]LogPakFile: PakFile PrimaryIndexSize=189
[2022.12.03-10.20.31:658][  0]LogPakFile: PakFile PathHashIndexSize=101
[2022.12.03-10.20.31:658][  0]LogPakFile: PakFile FullDirectoryIndexSize=152
[2022.12.03-10.20.31:658][  0]LogShaderLibrary: Display: ShaderCodeLibraryPakFileMountedCallback: PakFile 'C:/Program Files/Unreal Engine/UE_4.27/FeaturePacks/FP_FirstPersonBP.upack' (chunk index -1, root 'root:/') mounted
[2022.12.03-10.20.31:658][  0]LogShaderLibrary: Display: ShaderCodeLibraryPakFileMountedCallback: pending pak file info (ChunkID:-1 Root:root:/ File:C:/Program Files/Unreal Engine/UE_4.27/FeaturePacks/FP_FirstPersonBP.upack)
[2022.12.03-10.20.31:658][  0]LogPakFile: OnPakFileMounted2Time == 0.000117
[2022.12.03-10.20.31:659][  0]LogPakFile: PakFile PrimaryIndexSize=191
[2022.12.03-10.20.31:659][  0]LogPakFile: PakFile PathHashIndexSize=101
[2022.12.03-10.20.31:659][  0]LogPakFile: PakFile FullDirectoryIndexSize=160
[2022.12.03-10.20.31:659][  0]LogShaderLibrary: Display: ShaderCodeLibraryPakFileMountedCallback: PakFile 'C:/Program Files/Unreal Engine/UE_4.27/FeaturePacks/MobileStarterContent.upack' (chunk index -1, root 'root:/') mounted
[2022.12.03-10.20.31:659][  0]LogShaderLibrary: Display: ShaderCodeLibraryPakFileMountedCallback: pending pak file info (ChunkID:-1 Root:root:/ File:C:/Program Files/Unreal Engine/UE_4.27/FeaturePacks/MobileStarterContent.upack)
[2022.12.03-10.20.31:659][  0]LogPakFile: OnPakFileMounted2Time == 0.000121
[2022.12.03-10.20.31:660][  0]LogPakFile: PakFile PrimaryIndexSize=185
[2022.12.03-10.20.31:660][  0]LogPakFile: PakFile PathHashIndexSize=101
[2022.12.03-10.20.31:660][  0]LogPakFile: PakFile FullDirectoryIndexSize=148
[2022.12.03-10.20.31:660][  0]LogShaderLibrary: Display: ShaderCodeLibraryPakFileMountedCallback: PakFile 'C:/Program Files/Unreal Engine/UE_4.27/FeaturePacks/StarterContent.upack' (chunk index -1, root 'root:/') mounted
[2022.12.03-10.20.31:661][  0]LogShaderLibrary: Display: ShaderCodeLibraryPakFileMountedCallback: pending pak file info (ChunkID:-1 Root:root:/ File:C:/Program Files/Unreal Engine/UE_4.27/FeaturePacks/StarterContent.upack)
[2022.12.03-10.20.31:661][  0]LogPakFile: OnPakFileMounted2Time == 0.000122
[2022.12.03-10.20.31:662][  0]LogPakFile: PakFile PrimaryIndexSize=190
[2022.12.03-10.20.31:662][  0]LogPakFile: PakFile PathHashIndexSize=101
[2022.12.03-10.20.31:662][  0]LogPakFile: PakFile FullDirectoryIndexSize=154
[2022.12.03-10.20.31:662][  0]LogShaderLibrary: Display: ShaderCodeLibraryPakFileMountedCallback: PakFile 'C:/Program Files/Unreal Engine/UE_4.27/FeaturePacks/TP_2DSideScroller.upack' (chunk index -1, root 'root:/') mounted
[2022.12.03-10.20.31:662][  0]LogShaderLibrary: Display: ShaderCodeLibraryPakFileMountedCallback: pending pak file info (ChunkID:-1 Root:root:/ File:C:/Program Files/Unreal Engine/UE_4.27/FeaturePacks/TP_2DSideScroller.upack)
[2022.12.03-10.20.31:662][  0]LogPakFile: OnPakFileMounted2Time == 0.000115
[2022.12.03-10.20.31:663][  0]LogPakFile: PakFile PrimaryIndexSize=192
[2022.12.03-10.20.31:663][  0]LogPakFile: PakFile PathHashIndexSize=101
[2022.12.03-10.20.31:663][  0]LogPakFile: PakFile FullDirectoryIndexSize=158
[2022.12.03-10.20.31:663][  0]LogShaderLibrary: Display: ShaderCodeLibraryPakFileMountedCallback: PakFile 'C:/Program Files/Unreal Engine/UE_4.27/FeaturePacks/TP_2DSideScrollerBP.upack' (chunk index -1, root 'root:/') mounted
[2022.12.03-10.20.31:663][  0]LogShaderLibrary: Display: ShaderCodeLibraryPakFileMountedCallback: pending pak file info (ChunkID:-1 Root:root:/ File:C:/Program Files/Unreal Engine/UE_4.27/FeaturePacks/TP_2DSideScrollerBP.upack)
[2022.12.03-10.20.31:663][  0]LogPakFile: OnPakFileMounted2Time == 0.000101
[2022.12.03-10.20.31:664][  0]LogPakFile: PakFile PrimaryIndexSize=182
[2022.12.03-10.20.31:664][  0]LogPakFile: PakFile PathHashIndexSize=101
[2022.12.03-10.20.31:664][  0]LogPakFile: PakFile FullDirectoryIndexSize=138
[2022.12.03-10.20.31:664][  0]LogShaderLibrary: Display: ShaderCodeLibraryPakFileMountedCallback: PakFile 'C:/Program Files/Unreal Engine/UE_4.27/FeaturePacks/TP_Flying.upack' (chunk index -1, root 'root:/') mounted
[2022.12.03-10.20.31:664][  0]LogShaderLibrary: Display: ShaderCodeLibraryPakFileMountedCallback: pending pak file info (ChunkID:-1 Root:root:/ File:C:/Program Files/Unreal Engine/UE_4.27/FeaturePacks/TP_Flying.upack)
[2022.12.03-10.20.31:664][  0]LogPakFile: OnPakFileMounted2Time == 0.000093
[2022.12.03-10.20.31:665][  0]LogPakFile: PakFile PrimaryIndexSize=184
[2022.12.03-10.20.31:665][  0]LogPakFile: PakFile PathHashIndexSize=101
[2022.12.03-10.20.31:665][  0]LogPakFile: PakFile FullDirectoryIndexSize=142
[2022.12.03-10.20.31:665][  0]LogShaderLibrary: Display: ShaderCodeLibraryPakFileMountedCallback: PakFile 'C:/Program Files/Unreal Engine/UE_4.27/FeaturePacks/TP_FlyingBP.upack' (chunk index -1, root 'root:/') mounted
[2022.12.03-10.20.31:665][  0]LogShaderLibrary: Display: ShaderCodeLibraryPakFileMountedCallback: pending pak file info (ChunkID:-1 Root:root:/ File:C:/Program Files/Unreal Engine/UE_4.27/FeaturePacks/TP_FlyingBP.upack)
[2022.12.03-10.20.31:665][  0]LogPakFile: OnPakFileMounted2Time == 0.000099
[2022.12.03-10.20.31:666][  0]LogPakFile: PakFile PrimaryIndexSize=188
[2022.12.03-10.20.31:666][  0]LogPakFile: PakFile PathHashIndexSize=101
[2022.12.03-10.20.31:666][  0]LogPakFile: PakFile FullDirectoryIndexSize=150
[2022.12.03-10.20.31:666][  0]LogShaderLibrary: Display: ShaderCodeLibraryPakFileMountedCallback: PakFile 'C:/Program Files/Unreal Engine/UE_4.27/FeaturePacks/TP_HandheldARBP.upack' (chunk index -1, root 'root:/') mounted
[2022.12.03-10.20.31:666][  0]LogShaderLibrary: Display: ShaderCodeLibraryPakFileMountedCallback: pending pak file info (ChunkID:-1 Root:root:/ File:C:/Program Files/Unreal Engine/UE_4.27/FeaturePacks/TP_HandheldARBP.upack)
[2022.12.03-10.20.31:667][  0]LogPakFile: OnPakFileMounted2Time == 0.000102
[2022.12.03-10.20.31:668][  0]LogPakFile: PakFile PrimaryIndexSize=182
[2022.12.03-10.20.31:668][  0]LogPakFile: PakFile PathHashIndexSize=101
[2022.12.03-10.20.31:668][  0]LogPakFile: PakFile FullDirectoryIndexSize=138
[2022.12.03-10.20.31:668][  0]LogShaderLibrary: Display: ShaderCodeLibraryPakFileMountedCallback: PakFile 'C:/Program Files/Unreal Engine/UE_4.27/FeaturePacks/TP_Puzzle.upack' (chunk index -1, root 'root:/') mounted
[2022.12.03-10.20.31:668][  0]LogShaderLibrary: Display: ShaderCodeLibraryPakFileMountedCallback: pending pak file info (ChunkID:-1 Root:root:/ File:C:/Program Files/Unreal Engine/UE_4.27/FeaturePacks/TP_Puzzle.upack)
[2022.12.03-10.20.31:668][  0]LogPakFile: OnPakFileMounted2Time == 0.000103
[2022.12.03-10.20.31:669][  0]LogPakFile: PakFile PrimaryIndexSize=184
[2022.12.03-10.20.31:669][  0]LogPakFile: PakFile PathHashIndexSize=101
[2022.12.03-10.20.31:669][  0]LogPakFile: PakFile FullDirectoryIndexSize=142
[2022.12.03-10.20.31:669][  0]LogShaderLibrary: Display: ShaderCodeLibraryPakFileMountedCallback: PakFile 'C:/Program Files/Unreal Engine/UE_4.27/FeaturePacks/TP_PuzzleBP.upack' (chunk index -1, root 'root:/') mounted
[2022.12.03-10.20.31:669][  0]LogShaderLibrary: Display: ShaderCodeLibraryPakFileMountedCallback: pending pak file info (ChunkID:-1 Root:root:/ File:C:/Program Files/Unreal Engine/UE_4.27/FeaturePacks/TP_PuzzleBP.upack)
[2022.12.03-10.20.31:669][  0]LogPakFile: OnPakFileMounted2Time == 0.000096
[2022.12.03-10.20.31:670][  0]LogPakFile: PakFile PrimaryIndexSize=183
[2022.12.03-10.20.31:670][  0]LogPakFile: PakFile PathHashIndexSize=101
[2022.12.03-10.20.31:670][  0]LogPakFile: PakFile FullDirectoryIndexSize=140
[2022.12.03-10.20.31:670][  0]LogShaderLibrary: Display: ShaderCodeLibraryPakFileMountedCallback: PakFile 'C:/Program Files/Unreal Engine/UE_4.27/FeaturePacks/TP_Rolling.upack' (chunk index -1, root 'root:/') mounted
[2022.12.03-10.20.31:670][  0]LogShaderLibrary: Display: ShaderCodeLibraryPakFileMountedCallback: pending pak file info (ChunkID:-1 Root:root:/ File:C:/Program Files/Unreal Engine/UE_4.27/FeaturePacks/TP_Rolling.upack)
[2022.12.03-10.20.31:670][  0]LogPakFile: OnPakFileMounted2Time == 0.000095
[2022.12.03-10.20.31:671][  0]LogPakFile: PakFile PrimaryIndexSize=185
[2022.12.03-10.20.31:671][  0]LogPakFile: PakFile PathHashIndexSize=101
[2022.12.03-10.20.31:671][  0]LogPakFile: PakFile FullDirectoryIndexSize=144
[2022.12.03-10.20.31:671][  0]LogShaderLibrary: Display: ShaderCodeLibraryPakFileMountedCallback: PakFile 'C:/Program Files/Unreal Engine/UE_4.27/FeaturePacks/TP_RollingBP.upack' (chunk index -1, root 'root:/') mounted
[2022.12.03-10.20.31:671][  0]LogShaderLibrary: Display: ShaderCodeLibraryPakFileMountedCallback: pending pak file info (ChunkID:-1 Root:root:/ File:C:/Program Files/Unreal Engine/UE_4.27/FeaturePacks/TP_RollingBP.upack)
[2022.12.03-10.20.31:671][  0]LogPakFile: OnPakFileMounted2Time == 0.000096
[2022.12.03-10.20.31:672][  0]LogPakFile: PakFile PrimaryIndexSize=188
[2022.12.03-10.20.31:672][  0]LogPakFile: PakFile PathHashIndexSize=101
[2022.12.03-10.20.31:672][  0]LogPakFile: PakFile FullDirectoryIndexSize=150
[2022.12.03-10.20.31:672][  0]LogShaderLibrary: Display: ShaderCodeLibraryPakFileMountedCallback: PakFile 'C:/Program Files/Unreal Engine/UE_4.27/FeaturePacks/TP_SideScroller.upack' (chunk index -1, root 'root:/') mounted
[2022.12.03-10.20.31:672][  0]LogShaderLibrary: Display: ShaderCodeLibraryPakFileMountedCallback: pending pak file info (ChunkID:-1 Root:root:/ File:C:/Program Files/Unreal Engine/UE_4.27/FeaturePacks/TP_SideScroller.upack)
[2022.12.03-10.20.31:672][  0]LogPakFile: OnPakFileMounted2Time == 0.000071
[2022.12.03-10.20.31:673][  0]LogPakFile: PakFile PrimaryIndexSize=190
[2022.12.03-10.20.31:673][  0]LogPakFile: PakFile PathHashIndexSize=101
[2022.12.03-10.20.31:673][  0]LogPakFile: PakFile FullDirectoryIndexSize=154
[2022.12.03-10.20.31:673][  0]LogShaderLibrary: Display: ShaderCodeLibraryPakFileMountedCallback: PakFile 'C:/Program Files/Unreal Engine/UE_4.27/FeaturePacks/TP_SideScrollerBP.upack' (chunk index -1, root 'root:/') mounted
[2022.12.03-10.20.31:673][  0]LogShaderLibrary: Display: ShaderCodeLibraryPakFileMountedCallback: pending pak file info (ChunkID:-1 Root:root:/ File:C:/Program Files/Unreal Engine/UE_4.27/FeaturePacks/TP_SideScrollerBP.upack)
[2022.12.03-10.20.31:673][  0]LogPakFile: OnPakFileMounted2Time == 0.000104
[2022.12.03-10.20.31:674][  0]LogPakFile: PakFile PrimaryIndexSize=187
[2022.12.03-10.20.31:674][  0]LogPakFile: PakFile PathHashIndexSize=101
[2022.12.03-10.20.31:674][  0]LogPakFile: PakFile FullDirectoryIndexSize=148
[2022.12.03-10.20.31:674][  0]LogShaderLibrary: Display: ShaderCodeLibraryPakFileMountedCallback: PakFile 'C:/Program Files/Unreal Engine/UE_4.27/FeaturePacks/TP_ThirdPerson.upack' (chunk index -1, root 'root:/') mounted
[2022.12.03-10.20.31:674][  0]LogShaderLibrary: Display: ShaderCodeLibraryPakFileMountedCallback: pending pak file info (ChunkID:-1 Root:root:/ File:C:/Program Files/Unreal Engine/UE_4.27/FeaturePacks/TP_ThirdPerson.upack)
[2022.12.03-10.20.31:674][  0]LogPakFile: OnPakFileMounted2Time == 0.000060
[2022.12.03-10.20.31:675][  0]LogPakFile: PakFile PrimaryIndexSize=189
[2022.12.03-10.20.31:675][  0]LogPakFile: PakFile PathHashIndexSize=101
[2022.12.03-10.20.31:675][  0]LogPakFile: PakFile FullDirectoryIndexSize=152
[2022.12.03-10.20.31:675][  0]LogShaderLibrary: Display: ShaderCodeLibraryPakFileMountedCallback: PakFile 'C:/Program Files/Unreal Engine/UE_4.27/FeaturePacks/TP_ThirdPersonBP.upack' (chunk index -1, root 'root:/') mounted
[2022.12.03-10.20.31:675][  0]LogShaderLibrary: Display: ShaderCodeLibraryPakFileMountedCallback: pending pak file info (ChunkID:-1 Root:root:/ File:C:/Program Files/Unreal Engine/UE_4.27/FeaturePacks/TP_ThirdPersonBP.upack)
[2022.12.03-10.20.31:675][  0]LogPakFile: OnPakFileMounted2Time == 0.000073
[2022.12.03-10.20.31:675][  0]LogPakFile: PakFile PrimaryIndexSize=183
[2022.12.03-10.20.31:675][  0]LogPakFile: PakFile PathHashIndexSize=101
[2022.12.03-10.20.31:675][  0]LogPakFile: PakFile FullDirectoryIndexSize=140
[2022.12.03-10.20.31:675][  0]LogShaderLibrary: Display: ShaderCodeLibraryPakFileMountedCallback: PakFile 'C:/Program Files/Unreal Engine/UE_4.27/FeaturePacks/TP_TopDown.upack' (chunk index -1, root 'root:/') mounted
[2022.12.03-10.20.31:675][  0]LogShaderLibrary: Display: ShaderCodeLibraryPakFileMountedCallback: pending pak file info (ChunkID:-1 Root:root:/ File:C:/Program Files/Unreal Engine/UE_4.27/FeaturePacks/TP_TopDown.upack)
[2022.12.03-10.20.31:675][  0]LogPakFile: OnPakFileMounted2Time == 0.000088
[2022.12.03-10.20.31:677][  0]LogPakFile: PakFile PrimaryIndexSize=185
[2022.12.03-10.20.31:677][  0]LogPakFile: PakFile PathHashIndexSize=101
[2022.12.03-10.20.31:677][  0]LogPakFile: PakFile FullDirectoryIndexSize=144
[2022.12.03-10.20.31:677][  0]LogShaderLibrary: Display: ShaderCodeLibraryPakFileMountedCallback: PakFile 'C:/Program Files/Unreal Engine/UE_4.27/FeaturePacks/TP_TopDownBP.upack' (chunk index -1, root 'root:/') mounted
[2022.12.03-10.20.31:677][  0]LogShaderLibrary: Display: ShaderCodeLibraryPakFileMountedCallback: pending pak file info (ChunkID:-1 Root:root:/ File:C:/Program Files/Unreal Engine/UE_4.27/FeaturePacks/TP_TopDownBP.upack)
[2022.12.03-10.20.31:677][  0]LogPakFile: OnPakFileMounted2Time == 0.000127
[2022.12.03-10.20.31:678][  0]LogPakFile: PakFile PrimaryIndexSize=185
[2022.12.03-10.20.31:678][  0]LogPakFile: PakFile PathHashIndexSize=101
[2022.12.03-10.20.31:678][  0]LogPakFile: PakFile FullDirectoryIndexSize=144
[2022.12.03-10.20.31:678][  0]LogShaderLibrary: Display: ShaderCodeLibraryPakFileMountedCallback: PakFile 'C:/Program Files/Unreal Engine/UE_4.27/FeaturePacks/TP_TwinStick.upack' (chunk index -1, root 'root:/') mounted
[2022.12.03-10.20.31:678][  0]LogShaderLibrary: Display: ShaderCodeLibraryPakFileMountedCallback: pending pak file info (ChunkID:-1 Root:root:/ File:C:/Program Files/Unreal Engine/UE_4.27/FeaturePacks/TP_TwinStick.upack)
[2022.12.03-10.20.31:678][  0]LogPakFile: OnPakFileMounted2Time == 0.000090
[2022.12.03-10.20.31:679][  0]LogPakFile: PakFile PrimaryIndexSize=187
[2022.12.03-10.20.31:679][  0]LogPakFile: PakFile PathHashIndexSize=101
[2022.12.03-10.20.31:679][  0]LogPakFile: PakFile FullDirectoryIndexSize=148
[2022.12.03-10.20.31:679][  0]LogShaderLibrary: Display: ShaderCodeLibraryPakFileMountedCallback: PakFile 'C:/Program Files/Unreal Engine/UE_4.27/FeaturePacks/TP_TwinStickBP.upack' (chunk index -1, root 'root:/') mounted
[2022.12.03-10.20.31:679][  0]LogShaderLibrary: Display: ShaderCodeLibraryPakFileMountedCallback: pending pak file info (ChunkID:-1 Root:root:/ File:C:/Program Files/Unreal Engine/UE_4.27/FeaturePacks/TP_TwinStickBP.upack)
[2022.12.03-10.20.31:679][  0]LogPakFile: OnPakFileMounted2Time == 0.000069
[2022.12.03-10.20.31:679][  0]LogPakFile: PakFile PrimaryIndexSize=183
[2022.12.03-10.20.31:679][  0]LogPakFile: PakFile PathHashIndexSize=101
[2022.12.03-10.20.31:679][  0]LogPakFile: PakFile FullDirectoryIndexSize=140
[2022.12.03-10.20.31:679][  0]LogShaderLibrary: Display: ShaderCodeLibraryPakFileMountedCallback: PakFile 'C:/Program Files/Unreal Engine/UE_4.27/FeaturePacks/TP_Vehicle.upack' (chunk index -1, root 'root:/') mounted
[2022.12.03-10.20.31:680][  0]LogShaderLibrary: Display: ShaderCodeLibraryPakFileMountedCallback: pending pak file info (ChunkID:-1 Root:root:/ File:C:/Program Files/Unreal Engine/UE_4.27/FeaturePacks/TP_Vehicle.upack)
[2022.12.03-10.20.31:680][  0]LogPakFile: OnPakFileMounted2Time == 0.000092
[2022.12.03-10.20.31:680][  0]LogPakFile: PakFile PrimaryIndexSize=186
[2022.12.03-10.20.31:680][  0]LogPakFile: PakFile PathHashIndexSize=101
[2022.12.03-10.20.31:680][  0]LogPakFile: PakFile FullDirectoryIndexSize=146
[2022.12.03-10.20.31:680][  0]LogShaderLibrary: Display: ShaderCodeLibraryPakFileMountedCallback: PakFile 'C:/Program Files/Unreal Engine/UE_4.27/FeaturePacks/TP_VehicleAdv.upack' (chunk index -1, root 'root:/') mounted
[2022.12.03-10.20.31:680][  0]LogShaderLibrary: Display: ShaderCodeLibraryPakFileMountedCallback: pending pak file info (ChunkID:-1 Root:root:/ File:C:/Program Files/Unreal Engine/UE_4.27/FeaturePacks/TP_VehicleAdv.upack)
[2022.12.03-10.20.31:680][  0]LogPakFile: OnPakFileMounted2Time == 0.000081
[2022.12.03-10.20.31:681][  0]LogPakFile: PakFile PrimaryIndexSize=188
[2022.12.03-10.20.31:681][  0]LogPakFile: PakFile PathHashIndexSize=101
[2022.12.03-10.20.31:681][  0]LogPakFile: PakFile FullDirectoryIndexSize=150
[2022.12.03-10.20.31:681][  0]LogShaderLibrary: Display: ShaderCodeLibraryPakFileMountedCallback: PakFile 'C:/Program Files/Unreal Engine/UE_4.27/FeaturePacks/TP_VehicleAdvBP.upack' (chunk index -1, root 'root:/') mounted
[2022.12.03-10.20.31:681][  0]LogShaderLibrary: Display: ShaderCodeLibraryPakFileMountedCallback: pending pak file info (ChunkID:-1 Root:root:/ File:C:/Program Files/Unreal Engine/UE_4.27/FeaturePacks/TP_VehicleAdvBP.upack)
[2022.12.03-10.20.31:681][  0]LogPakFile: OnPakFileMounted2Time == 0.000080
[2022.12.03-10.20.31:682][  0]LogPakFile: PakFile PrimaryIndexSize=185
[2022.12.03-10.20.31:682][  0]LogPakFile: PakFile PathHashIndexSize=101
[2022.12.03-10.20.31:682][  0]LogPakFile: PakFile FullDirectoryIndexSize=144
[2022.12.03-10.20.31:682][  0]LogShaderLibrary: Display: ShaderCodeLibraryPakFileMountedCallback: PakFile 'C:/Program Files/Unreal Engine/UE_4.27/FeaturePacks/TP_VehicleBP.upack' (chunk index -1, root 'root:/') mounted
[2022.12.03-10.20.31:682][  0]LogShaderLibrary: Display: ShaderCodeLibraryPakFileMountedCallback: pending pak file info (ChunkID:-1 Root:root:/ File:C:/Program Files/Unreal Engine/UE_4.27/FeaturePacks/TP_VehicleBP.upack)
[2022.12.03-10.20.31:682][  0]LogPakFile: OnPakFileMounted2Time == 0.000084
[2022.12.03-10.20.31:683][  0]LogPakFile: PakFile PrimaryIndexSize=192
[2022.12.03-10.20.31:683][  0]LogPakFile: PakFile PathHashIndexSize=101
[2022.12.03-10.20.31:683][  0]LogPakFile: PakFile FullDirectoryIndexSize=158
[2022.12.03-10.20.31:683][  0]LogShaderLibrary: Display: ShaderCodeLibraryPakFileMountedCallback: PakFile 'C:/Program Files/Unreal Engine/UE_4.27/FeaturePacks/TP_VirtualRealityBP.upack' (chunk index -1, root 'root:/') mounted
[2022.12.03-10.20.31:683][  0]LogShaderLibrary: Display: ShaderCodeLibraryPakFileMountedCallback: pending pak file info (ChunkID:-1 Root:root:/ File:C:/Program Files/Unreal Engine/UE_4.27/FeaturePacks/TP_VirtualRealityBP.upack)
[2022.12.03-10.20.31:683][  0]LogPakFile: OnPakFileMounted2Time == 0.000081
[2022.12.03-10.20.31:772][  0]LogNativeClassHierarchy: Verbose: Native class hierarchy updated for 'AddContentDialog' in 0.0004 seconds. Added 0 classes and 0 folders.
[2022.12.03-10.20.31:780][  0]LogNativeClassHierarchy: Verbose: Native class hierarchy updated for 'SceneOutliner' in 0.0004 seconds. Added 2 classes and 0 folders.
[2022.12.03-10.20.31:940][  0]LogSlate: Took 0.000233 seconds to synchronously load lazily loaded font '../../../Engine/Content/Slate/Fonts/Roboto-Regular.ttf' (155K)
[2022.12.03-10.20.31:951][  0]LogSlate: Took 0.009004 seconds to synchronously load lazily loaded font '../../../Engine/Content/Editor/Slate/Fonts/FontAwesome.ttf' (139K)
[2022.12.03-10.20.31:953][  0]LogSlate: Took 0.000226 seconds to synchronously load lazily loaded font '../../../Engine/Content/Slate/Fonts/Roboto-Bold.ttf' (160K)
[2022.12.03-10.20.32:216][  0]LogRenderer: Reallocating scene render targets to support 880x400 Format 10 NumSamples 1 (Frame:1).
[2022.12.03-10.20.32:380][  0]LogNativeClassHierarchy: Verbose: Native class hierarchy updated for 'HierarchicalLODOutliner' in 0.0005 seconds. Added 0 classes and 0 folders.
[2022.12.03-10.20.32:380][  0]LogLoad: (Engine Initialization) Total time: 19.70 seconds
[2022.12.03-10.20.32:380][  0]LogLoad: (Engine Initialization) Total Blueprint compile time: 0.00 seconds
[2022.12.03-10.20.32:460][  0]LogContentStreaming: Texture pool size now 1000 MB
[2022.12.03-10.20.33:313][  1]LogAssetRegistry: Asset discovery search completed in 11.3166 seconds
[2022.12.03-10.20.33:323][  1]LogCollectionManager: Fixed up redirectors for 0 collections in 0.000006 seconds (updated 0 objects)
